This is pdfTeX, Version 3.14159265-2.6-1.40.19 (MiKTeX 2.9.6800 64-bit) (preloaded format=pdflatex 2018.9.6)  14 FEB 2020 13:54
entering extended mode
**./ml.tex
(ml.tex
LaTeX2e <2018-04-01> patch level 5
("C:\Users\bijno\AppData\Local\Programs\MiKTeX 2.9\tex\latex\beamer\beamer.cls"
Document Class: beamer 2018/09/06 v3.53 A class for typesetting presentations

("C:\Users\bijno\AppData\Local\Programs\MiKTeX 2.9\tex\latex\beamer\beamerbasem
odes.sty"
("C:\Users\bijno\AppData\Local\Programs\MiKTeX 2.9\tex\latex\etoolbox\etoolbox.
sty"
Package: etoolbox 2018/08/19 v2.5f e-TeX tools for LaTeX (JAW)
\etb@tempcnta=\count80
)
\beamer@tempbox=\box26
\beamer@tempcount=\count81
\c@beamerpauses=\count82

("C:\Users\bijno\AppData\Local\Programs\MiKTeX 2.9\tex\latex\beamer\beamerbased
ecode.sty"
\beamer@slideinframe=\count83
\beamer@minimum=\count84
)
\beamer@commentbox=\box27
\beamer@modecount=\count85
)
("C:\Users\bijno\AppData\Local\Programs\MiKTeX 2.9\tex\generic\oberdiek\ifpdf.s
ty"
Package: ifpdf 2017/03/15 v3.2 Provides the ifpdf switch
)
\headdp=\dimen102
\footheight=\dimen103
\sidebarheight=\dimen104
\beamer@tempdim=\dimen105
\beamer@finalheight=\dimen106
\beamer@animht=\dimen107
\beamer@animdp=\dimen108
\beamer@animwd=\dimen109
\beamer@leftmargin=\dimen110
\beamer@rightmargin=\dimen111
\beamer@leftsidebar=\dimen112
\beamer@rightsidebar=\dimen113
\beamer@boxsize=\dimen114
\beamer@vboxoffset=\dimen115
\beamer@descdefault=\dimen116
\beamer@descriptionwidth=\dimen117
\beamer@lastskip=\skip41
\beamer@areabox=\box28
\beamer@animcurrent=\box29
\beamer@animshowbox=\box30
\beamer@sectionbox=\box31
\beamer@logobox=\box32
\beamer@linebox=\box33
\beamer@sectioncount=\count86
\beamer@subsubsectionmax=\count87
\beamer@subsectionmax=\count88
\beamer@sectionmax=\count89
\beamer@totalheads=\count90
\beamer@headcounter=\count91
\beamer@partstartpage=\count92
\beamer@sectionstartpage=\count93
\beamer@subsectionstartpage=\count94
\beamer@animationtempa=\count95
\beamer@animationtempb=\count96
\beamer@xpos=\count97
\beamer@ypos=\count98
\beamer@ypos@offset=\count99
\beamer@showpartnumber=\count100
\beamer@currentsubsection=\count101
\beamer@coveringdepth=\count102
\beamer@sectionadjust=\count103
\beamer@tocsectionnumber=\count104

("C:\Users\bijno\AppData\Local\Programs\MiKTeX 2.9\tex\latex\beamer\beamerbaseo
ptions.sty"
("C:\Users\bijno\AppData\Local\Programs\MiKTeX 2.9\tex\latex\graphics\keyval.st
y"
Package: keyval 2014/10/28 v1.15 key=value parser (DPC)
\KV@toks@=\toks14
))
\beamer@paperwidth=\skip42
\beamer@paperheight=\skip43

("C:\Users\bijno\AppData\Local\Programs\MiKTeX 2.9\tex\latex\geometry\geometry.
sty"
Package: geometry 2018/04/16 v5.8 Page Geometry

("C:\Users\bijno\AppData\Local\Programs\MiKTeX 2.9\tex\generic\oberdiek\ifvtex.
sty"
Package: ifvtex 2016/05/16 v1.6 Detect VTeX and its facilities (HO)
Package ifvtex Info: VTeX not detected.
)
("C:\Users\bijno\AppData\Local\Programs\MiKTeX 2.9\tex\generic\ifxetex\ifxetex.
sty"
Package: ifxetex 2010/09/12 v0.6 Provides ifxetex conditional
)
\Gm@cnth=\count105
\Gm@cntv=\count106
\c@Gm@tempcnt=\count107
\Gm@bindingoffset=\dimen118
\Gm@wd@mp=\dimen119
\Gm@odd@mp=\dimen120
\Gm@even@mp=\dimen121
\Gm@layoutwidth=\dimen122
\Gm@layoutheight=\dimen123
\Gm@layouthoffset=\dimen124
\Gm@layoutvoffset=\dimen125
\Gm@dimlist=\toks15

("C:\Users\bijno\AppData\Local\Programs\MiKTeX 2.9\tex\latex\geometry\geometry.
cfg"))
("C:\Users\bijno\AppData\Local\Programs\MiKTeX 2.9\tex\latex\base\size11.clo"
File: size11.clo 2014/09/29 v1.4h Standard LaTeX file (size option)
)
("C:\Users\bijno\AppData\Local\Programs\MiKTeX 2.9\tex\latex\pgf\basiclayer\pgf
core.sty"
("C:\Users\bijno\AppData\Local\Programs\MiKTeX 2.9\tex\latex\graphics\graphicx.
sty"
Package: graphicx 2017/06/01 v1.1a Enhanced LaTeX Graphics (DPC,SPQR)

("C:\Users\bijno\AppData\Local\Programs\MiKTeX 2.9\tex\latex\graphics\graphics.
sty"
Package: graphics 2017/06/25 v1.2c Standard LaTeX Graphics (DPC,SPQR)

("C:\Users\bijno\AppData\Local\Programs\MiKTeX 2.9\tex\latex\graphics\trig.sty"
Package: trig 2016/01/03 v1.10 sin cos tan (DPC)
)
("C:\Users\bijno\AppData\Local\Programs\MiKTeX 2.9\tex\latex\graphics-cfg\graph
ics.cfg"
File: graphics.cfg 2016/06/04 v1.11 sample graphics configuration
)
Package graphics Info: Driver file: pdftex.def on input line 99.

("C:\Users\bijno\AppData\Local\Programs\MiKTeX 2.9\tex\latex\graphics-def\pdfte
x.def"
File: pdftex.def 2018/01/08 v1.0l Graphics/color driver for pdftex
))
\Gin@req@height=\dimen126
\Gin@req@width=\dimen127
)
("C:\Users\bijno\AppData\Local\Programs\MiKTeX 2.9\tex\latex\pgf\systemlayer\pg
fsys.sty"
("C:\Users\bijno\AppData\Local\Programs\MiKTeX 2.9\tex\latex\pgf\utilities\pgfr
cs.sty"
("C:\Users\bijno\AppData\Local\Programs\MiKTeX 2.9\tex\generic\pgf\utilities\pg
futil-common.tex"
\pgfutil@everybye=\toks16
\pgfutil@tempdima=\dimen128
\pgfutil@tempdimb=\dimen129

("C:\Users\bijno\AppData\Local\Programs\MiKTeX 2.9\tex\generic\pgf\utilities\pg
futil-common-lists.tex"))
("C:\Users\bijno\AppData\Local\Programs\MiKTeX 2.9\tex\generic\pgf\utilities\pg
futil-latex.def"
\pgfutil@abb=\box34

("C:\Users\bijno\AppData\Local\Programs\MiKTeX 2.9\tex\latex\ms\everyshi.sty"
Package: everyshi 2001/05/15 v3.00 EveryShipout Package (MS)
))
("C:\Users\bijno\AppData\Local\Programs\MiKTeX 2.9\tex\generic\pgf\utilities\pg
frcs.code.tex"
Package: pgfrcs 2015/08/07 v3.0.1a (rcs-revision 1.31)
))
("C:\Users\bijno\AppData\Local\Programs\MiKTeX 2.9\tex\generic\pgf\systemlayer\
pgfsys.code.tex"
Package: pgfsys 2014/07/09 v3.0.1a (rcs-revision 1.48)

("C:\Users\bijno\AppData\Local\Programs\MiKTeX 2.9\tex\generic\pgf\utilities\pg
fkeys.code.tex"
\pgfkeys@pathtoks=\toks17
\pgfkeys@temptoks=\toks18

("C:\Users\bijno\AppData\Local\Programs\MiKTeX 2.9\tex\generic\pgf\utilities\pg
fkeysfiltered.code.tex"
\pgfkeys@tmptoks=\toks19
))
\pgf@x=\dimen130
\pgf@y=\dimen131
\pgf@xa=\dimen132
\pgf@ya=\dimen133
\pgf@xb=\dimen134
\pgf@yb=\dimen135
\pgf@xc=\dimen136
\pgf@yc=\dimen137
\w@pgf@writea=\write3
\r@pgf@reada=\read1
\c@pgf@counta=\count108
\c@pgf@countb=\count109
\c@pgf@countc=\count110
\c@pgf@countd=\count111
\t@pgf@toka=\toks20
\t@pgf@tokb=\toks21
\t@pgf@tokc=\toks22

("C:\Users\bijno\AppData\Local\Programs\MiKTeX 2.9\tex\generic\pgf\systemlayer\
pgf.cfg"
File: pgf.cfg 2008/05/14  (rcs-revision 1.7)
)
Driver file for pgf: pgfsys-pdftex.def

("C:\Users\bijno\AppData\Local\Programs\MiKTeX 2.9\tex\generic\pgf\systemlayer\
pgfsys-pdftex.def"
File: pgfsys-pdftex.def 2014/10/11  (rcs-revision 1.35)

("C:\Users\bijno\AppData\Local\Programs\MiKTeX 2.9\tex\generic\pgf\systemlayer\
pgfsys-common-pdf.def"
File: pgfsys-common-pdf.def 2013/10/10  (rcs-revision 1.13)
)))
("C:\Users\bijno\AppData\Local\Programs\MiKTeX 2.9\tex\generic\pgf\systemlayer\
pgfsyssoftpath.code.tex"
File: pgfsyssoftpath.code.tex 2013/09/09  (rcs-revision 1.9)
\pgfsyssoftpath@smallbuffer@items=\count112
\pgfsyssoftpath@bigbuffer@items=\count113
)
("C:\Users\bijno\AppData\Local\Programs\MiKTeX 2.9\tex\generic\pgf\systemlayer\
pgfsysprotocol.code.tex"
File: pgfsysprotocol.code.tex 2006/10/16  (rcs-revision 1.4)
))
("C:\Users\bijno\AppData\Local\Programs\MiKTeX 2.9\tex\latex\xcolor\xcolor.sty"
Package: xcolor 2016/05/11 v2.12 LaTeX color extensions (UK)

("C:\Users\bijno\AppData\Local\Programs\MiKTeX 2.9\tex\latex\graphics-cfg\color
.cfg"
File: color.cfg 2016/01/02 v1.6 sample color configuration
)
Package xcolor Info: Driver file: pdftex.def on input line 225.
Package xcolor Info: Model `cmy' substituted by `cmy0' on input line 1348.
Package xcolor Info: Model `hsb' substituted by `rgb' on input line 1352.
Package xcolor Info: Model `RGB' extended on input line 1364.
Package xcolor Info: Model `HTML' substituted by `rgb' on input line 1366.
Package xcolor Info: Model `Hsb' substituted by `hsb' on input line 1367.
Package xcolor Info: Model `tHsb' substituted by `hsb' on input line 1368.
Package xcolor Info: Model `HSB' substituted by `hsb' on input line 1369.
Package xcolor Info: Model `Gray' substituted by `gray' on input line 1370.
Package xcolor Info: Model `wave' substituted by `hsb' on input line 1371.
)
("C:\Users\bijno\AppData\Local\Programs\MiKTeX 2.9\tex\generic\pgf\basiclayer\p
gfcore.code.tex"
Package: pgfcore 2010/04/11 v3.0.1a (rcs-revision 1.7)

("C:\Users\bijno\AppData\Local\Programs\MiKTeX 2.9\tex\generic\pgf\math\pgfmath
.code.tex"
("C:\Users\bijno\AppData\Local\Programs\MiKTeX 2.9\tex\generic\pgf\math\pgfmath
calc.code.tex"
("C:\Users\bijno\AppData\Local\Programs\MiKTeX 2.9\tex\generic\pgf\math\pgfmath
util.code.tex")
("C:\Users\bijno\AppData\Local\Programs\MiKTeX 2.9\tex\generic\pgf\math\pgfmath
parser.code.tex"
\pgfmath@dimen=\dimen138
\pgfmath@count=\count114
\pgfmath@box=\box35
\pgfmath@toks=\toks23
\pgfmath@stack@operand=\toks24
\pgfmath@stack@operation=\toks25
)
("C:\Users\bijno\AppData\Local\Programs\MiKTeX 2.9\tex\generic\pgf\math\pgfmath
functions.code.tex"
("C:\Users\bijno\AppData\Local\Programs\MiKTeX 2.9\tex\generic\pgf\math\pgfmath
functions.basic.code.tex")
("C:\Users\bijno\AppData\Local\Programs\MiKTeX 2.9\tex\generic\pgf\math\pgfmath
functions.trigonometric.code.tex")
("C:\Users\bijno\AppData\Local\Programs\MiKTeX 2.9\tex\generic\pgf\math\pgfmath
functions.random.code.tex")
("C:\Users\bijno\AppData\Local\Programs\MiKTeX 2.9\tex\generic\pgf\math\pgfmath
functions.comparison.code.tex")
("C:\Users\bijno\AppData\Local\Programs\MiKTeX 2.9\tex\generic\pgf\math\pgfmath
functions.base.code.tex")
("C:\Users\bijno\AppData\Local\Programs\MiKTeX 2.9\tex\generic\pgf\math\pgfmath
functions.round.code.tex")
("C:\Users\bijno\AppData\Local\Programs\MiKTeX 2.9\tex\generic\pgf\math\pgfmath
functions.misc.code.tex")
("C:\Users\bijno\AppData\Local\Programs\MiKTeX 2.9\tex\generic\pgf\math\pgfmath
functions.integerarithmetics.code.tex")))
("C:\Users\bijno\AppData\Local\Programs\MiKTeX 2.9\tex\generic\pgf\math\pgfmath
float.code.tex"
\c@pgfmathroundto@lastzeros=\count115
))
("C:\Users\bijno\AppData\Local\Programs\MiKTeX 2.9\tex\generic\pgf\basiclayer\p
gfcorepoints.code.tex"
File: pgfcorepoints.code.tex 2013/10/07  (rcs-revision 1.27)
\pgf@picminx=\dimen139
\pgf@picmaxx=\dimen140
\pgf@picminy=\dimen141
\pgf@picmaxy=\dimen142
\pgf@pathminx=\dimen143
\pgf@pathmaxx=\dimen144
\pgf@pathminy=\dimen145
\pgf@pathmaxy=\dimen146
\pgf@xx=\dimen147
\pgf@xy=\dimen148
\pgf@yx=\dimen149
\pgf@yy=\dimen150
\pgf@zx=\dimen151
\pgf@zy=\dimen152
)
("C:\Users\bijno\AppData\Local\Programs\MiKTeX 2.9\tex\generic\pgf\basiclayer\p
gfcorepathconstruct.code.tex"
File: pgfcorepathconstruct.code.tex 2013/10/07  (rcs-revision 1.29)
\pgf@path@lastx=\dimen153
\pgf@path@lasty=\dimen154
)
("C:\Users\bijno\AppData\Local\Programs\MiKTeX 2.9\tex\generic\pgf\basiclayer\p
gfcorepathusage.code.tex"
File: pgfcorepathusage.code.tex 2014/11/02  (rcs-revision 1.24)
\pgf@shorten@end@additional=\dimen155
\pgf@shorten@start@additional=\dimen156
)
("C:\Users\bijno\AppData\Local\Programs\MiKTeX 2.9\tex\generic\pgf\basiclayer\p
gfcorescopes.code.tex"
File: pgfcorescopes.code.tex 2015/05/08  (rcs-revision 1.46)
\pgfpic=\box36
\pgf@hbox=\box37
\pgf@layerbox@main=\box38
\pgf@picture@serial@count=\count116
)
("C:\Users\bijno\AppData\Local\Programs\MiKTeX 2.9\tex\generic\pgf\basiclayer\p
gfcoregraphicstate.code.tex"
File: pgfcoregraphicstate.code.tex 2014/11/02  (rcs-revision 1.12)
\pgflinewidth=\dimen157
)
("C:\Users\bijno\AppData\Local\Programs\MiKTeX 2.9\tex\generic\pgf\basiclayer\p
gfcoretransformations.code.tex"
File: pgfcoretransformations.code.tex 2015/08/07  (rcs-revision 1.20)
\pgf@pt@x=\dimen158
\pgf@pt@y=\dimen159
\pgf@pt@temp=\dimen160
)
("C:\Users\bijno\AppData\Local\Programs\MiKTeX 2.9\tex\generic\pgf\basiclayer\p
gfcorequick.code.tex"
File: pgfcorequick.code.tex 2008/10/09  (rcs-revision 1.3)
)
("C:\Users\bijno\AppData\Local\Programs\MiKTeX 2.9\tex\generic\pgf\basiclayer\p
gfcoreobjects.code.tex"
File: pgfcoreobjects.code.tex 2006/10/11  (rcs-revision 1.2)
)
("C:\Users\bijno\AppData\Local\Programs\MiKTeX 2.9\tex\generic\pgf\basiclayer\p
gfcorepathprocessing.code.tex"
File: pgfcorepathprocessing.code.tex 2013/09/09  (rcs-revision 1.9)
)
("C:\Users\bijno\AppData\Local\Programs\MiKTeX 2.9\tex\generic\pgf\basiclayer\p
gfcorearrows.code.tex"
File: pgfcorearrows.code.tex 2015/05/14  (rcs-revision 1.43)
\pgfarrowsep=\dimen161
)
("C:\Users\bijno\AppData\Local\Programs\MiKTeX 2.9\tex\generic\pgf\basiclayer\p
gfcoreshade.code.tex"
File: pgfcoreshade.code.tex 2013/07/15  (rcs-revision 1.15)
\pgf@max=\dimen162
\pgf@sys@shading@range@num=\count117
)
("C:\Users\bijno\AppData\Local\Programs\MiKTeX 2.9\tex\generic\pgf\basiclayer\p
gfcoreimage.code.tex"
File: pgfcoreimage.code.tex 2013/07/15  (rcs-revision 1.18)

("C:\Users\bijno\AppData\Local\Programs\MiKTeX 2.9\tex\generic\pgf\basiclayer\p
gfcoreexternal.code.tex"
File: pgfcoreexternal.code.tex 2014/07/09  (rcs-revision 1.21)
\pgfexternal@startupbox=\box39
))
("C:\Users\bijno\AppData\Local\Programs\MiKTeX 2.9\tex\generic\pgf\basiclayer\p
gfcorelayers.code.tex"
File: pgfcorelayers.code.tex 2013/07/18  (rcs-revision 1.7)
)
("C:\Users\bijno\AppData\Local\Programs\MiKTeX 2.9\tex\generic\pgf\basiclayer\p
gfcoretransparency.code.tex"
File: pgfcoretransparency.code.tex 2013/09/30  (rcs-revision 1.5)
)
("C:\Users\bijno\AppData\Local\Programs\MiKTeX 2.9\tex\generic\pgf\basiclayer\p
gfcorepatterns.code.tex"
File: pgfcorepatterns.code.tex 2013/11/07  (rcs-revision 1.5)
)))
("C:\Users\bijno\AppData\Local\Programs\MiKTeX 2.9\tex\latex\pgf\utilities\xxco
lor.sty"
Package: xxcolor 2003/10/24 ver 0.1
\XC@nummixins=\count118
\XC@countmixins=\count119
)
("C:\Users\bijno\AppData\Local\Programs\MiKTeX 2.9\tex\generic\oberdiek\atbegsh
i.sty"
Package: atbegshi 2016/06/09 v1.18 At begin shipout hook (HO)

("C:\Users\bijno\AppData\Local\Programs\MiKTeX 2.9\tex\generic\oberdiek\infware
rr.sty"
Package: infwarerr 2016/05/16 v1.4 Providing info/warning/error messages (HO)
)
("C:\Users\bijno\AppData\Local\Programs\MiKTeX 2.9\tex\generic\oberdiek\ltxcmds
.sty"
Package: ltxcmds 2016/05/16 v1.23 LaTeX kernel commands for general use (HO)
))
("C:\Users\bijno\AppData\Local\Programs\MiKTeX 2.9\tex\latex\hyperref\hyperref.
sty"
Package: hyperref 2018/02/06 v6.86b Hypertext links for LaTeX

("C:\Users\bijno\AppData\Local\Programs\MiKTeX 2.9\tex\generic\oberdiek\hobsub-
hyperref.sty"
Package: hobsub-hyperref 2016/05/16 v1.14 Bundle oberdiek, subset hyperref (HO)


("C:\Users\bijno\AppData\Local\Programs\MiKTeX 2.9\tex\generic\oberdiek\hobsub-
generic.sty"
Package: hobsub-generic 2016/05/16 v1.14 Bundle oberdiek, subset generic (HO)
Package: hobsub 2016/05/16 v1.14 Construct package bundles (HO)
Package hobsub Info: Skipping package `infwarerr' (already loaded).
Package hobsub Info: Skipping package `ltxcmds' (already loaded).
Package: ifluatex 2016/05/16 v1.4 Provides the ifluatex switch (HO)
Package ifluatex Info: LuaTeX not detected.
Package hobsub Info: Skipping package `ifvtex' (already loaded).
Package: intcalc 2016/05/16 v1.2 Expandable calculations with integers (HO)
Package hobsub Info: Skipping package `ifpdf' (already loaded).
Package: etexcmds 2016/05/16 v1.6 Avoid name clashes with e-TeX commands (HO)
Package etexcmds Info: Could not find \expanded.
(etexcmds)             That can mean that you are not using pdfTeX 1.50 or
(etexcmds)             that some package has redefined \expanded.
(etexcmds)             In the latter case, load this package earlier.
Package: kvsetkeys 2016/05/16 v1.17 Key value parser (HO)
Package: kvdefinekeys 2016/05/16 v1.4 Define keys (HO)
Package: pdftexcmds 2018/01/30 v0.27 Utility functions of pdfTeX for LuaTeX (HO
)
Package pdftexcmds Info: LuaTeX not detected.
Package pdftexcmds Info: \pdf@primitive is available.
Package pdftexcmds Info: \pdf@ifprimitive is available.
Package pdftexcmds Info: \pdfdraftmode found.
Package: pdfescape 2016/05/16 v1.14 Implements pdfTeX's escape features (HO)
Package: bigintcalc 2016/05/16 v1.4 Expandable calculations on big integers (HO
)
Package: bitset 2016/05/16 v1.2 Handle bit-vector datatype (HO)
Package: uniquecounter 2016/05/16 v1.3 Provide unlimited unique counter (HO)
)
Package hobsub Info: Skipping package `hobsub' (already loaded).
Package: letltxmacro 2016/05/16 v1.5 Let assignment for LaTeX macros (HO)
Package: hopatch 2016/05/16 v1.3 Wrapper for package hooks (HO)
Package: xcolor-patch 2016/05/16 xcolor patch
Package: atveryend 2016/05/16 v1.9 Hooks at the very end of document (HO)
Package hobsub Info: Skipping package `atbegshi' (already loaded).
Package: refcount 2016/05/16 v3.5 Data extraction from label references (HO)
Package: hycolor 2016/05/16 v1.8 Color options for hyperref/bookmark (HO)
)
("C:\Users\bijno\AppData\Local\Programs\MiKTeX 2.9\tex\latex\oberdiek\auxhook.s
ty"
Package: auxhook 2016/05/16 v1.4 Hooks for auxiliary files (HO)
)
("C:\Users\bijno\AppData\Local\Programs\MiKTeX 2.9\tex\latex\oberdiek\kvoptions
.sty"
Package: kvoptions 2016/05/16 v3.12 Key value format for package options (HO)
)
\@linkdim=\dimen163
\Hy@linkcounter=\count120
\Hy@pagecounter=\count121

("C:\Users\bijno\AppData\Local\Programs\MiKTeX 2.9\tex\latex\hyperref\pd1enc.de
f"
File: pd1enc.def 2018/02/06 v6.86b Hyperref: PDFDocEncoding definition (HO)
Now handling font encoding PD1 ...
... no UTF-8 mapping file for font encoding PD1
)
\Hy@SavedSpaceFactor=\count122

("C:\Users\bijno\AppData\Local\Programs\MiKTeX 2.9\tex\latex\00miktex\hyperref.
cfg"
File: hyperref.cfg 2002/06/06 v1.2 hyperref configuration of TeXLive
)
Package hyperref Info: Option `bookmarks' set `true' on input line 4383.
Package hyperref Info: Option `bookmarksopen' set `true' on input line 4383.
Package hyperref Info: Option `implicit' set `false' on input line 4383.
Package hyperref Info: Hyper figures OFF on input line 4509.
Package hyperref Info: Link nesting OFF on input line 4514.
Package hyperref Info: Hyper index ON on input line 4517.
Package hyperref Info: Plain pages OFF on input line 4524.
Package hyperref Info: Backreferencing OFF on input line 4529.
Package hyperref Info: Implicit mode OFF; no redefinition of LaTeX internals.
Package hyperref Info: Bookmarks ON on input line 4762.
\c@Hy@tempcnt=\count123
 ("C:\Users\bijno\AppData\Local\Programs\MiKTeX 2.9\tex\latex\url\url.sty"
\Urlmuskip=\muskip10
Package: url 2013/09/16  ver 3.4  Verb mode for urls, etc.
)
LaTeX Info: Redefining \url on input line 5115.
\XeTeXLinkMargin=\dimen164
\Fld@menulength=\count124
\Field@Width=\dimen165
\Fld@charsize=\dimen166
Package hyperref Info: Hyper figures OFF on input line 6369.
Package hyperref Info: Link nesting OFF on input line 6374.
Package hyperref Info: Hyper index ON on input line 6377.
Package hyperref Info: backreferencing OFF on input line 6384.
Package hyperref Info: Link coloring OFF on input line 6389.
Package hyperref Info: Link coloring with OCG OFF on input line 6394.
Package hyperref Info: PDF/A mode OFF on input line 6399.
LaTeX Info: Redefining \ref on input line 6439.
LaTeX Info: Redefining \pageref on input line 6443.
\Hy@abspage=\count125


Package hyperref Message: Stopped early.

)
Package hyperref Info: Driver (autodetected): hpdftex.

("C:\Users\bijno\AppData\Local\Programs\MiKTeX 2.9\tex\latex\hyperref\hpdftex.d
ef"
File: hpdftex.def 2018/02/06 v6.86b Hyperref driver for pdfTeX
\Fld@listcount=\count126
\c@bookmark@seq@number=\count127

("C:\Users\bijno\AppData\Local\Programs\MiKTeX 2.9\tex\latex\oberdiek\rerunfile
check.sty"
Package: rerunfilecheck 2016/05/16 v1.8 Rerun checks for auxiliary files (HO)
Package uniquecounter Info: New unique counter `rerunfilecheck' on input line 2
82.
))
("C:\Users\bijno\AppData\Local\Programs\MiKTeX 2.9\tex\latex\beamer\beamerbaser
equires.sty"
("C:\Users\bijno\AppData\Local\Programs\MiKTeX 2.9\tex\latex\beamer\beamerbasec
ompatibility.sty")
("C:\Users\bijno\AppData\Local\Programs\MiKTeX 2.9\tex\latex\beamer\beamerbasef
ont.sty"
("C:\Users\bijno\AppData\Local\Programs\MiKTeX 2.9\tex\latex\amsfonts\amssymb.s
ty"
Package: amssymb 2013/01/14 v3.01 AMS font symbols

("C:\Users\bijno\AppData\Local\Programs\MiKTeX 2.9\tex\latex\amsfonts\amsfonts.
sty"
Package: amsfonts 2013/01/14 v3.01 Basic AMSFonts support
\@emptytoks=\toks26
\symAMSa=\mathgroup4
\symAMSb=\mathgroup5
LaTeX Font Info:    Overwriting math alphabet `\mathfrak' in version `bold'
(Font)                  U/euf/m/n --> U/euf/b/n on input line 106.
))
("C:\Users\bijno\AppData\Local\Programs\MiKTeX 2.9\tex\latex\sansmathaccent\san
smathaccent.sty"
Package: sansmathaccent 2013/03/28

("C:\Users\bijno\AppData\Local\Programs\MiKTeX 2.9\tex\latex\filehook\filehook.
sty"
Package: filehook 2011/10/12 v0.5d Hooks for input files
)))
("C:\Users\bijno\AppData\Local\Programs\MiKTeX 2.9\tex\latex\beamer\beamerbaset
ranslator.sty"
("C:\Users\bijno\AppData\Local\Programs\MiKTeX 2.9\tex\latex\translator\transla
tor.sty"
Package: translator 2018/01/04 v1.12 Easy translation of strings in LaTeX
))
("C:\Users\bijno\AppData\Local\Programs\MiKTeX 2.9\tex\latex\beamer\beamerbasem
isc.sty")
("C:\Users\bijno\AppData\Local\Programs\MiKTeX 2.9\tex\latex\beamer\beamerbaset
woscreens.sty")
("C:\Users\bijno\AppData\Local\Programs\MiKTeX 2.9\tex\latex\beamer\beamerbaseo
verlay.sty"
\beamer@argscount=\count128
\beamer@lastskipcover=\skip44
\beamer@trivlistdepth=\count129
)
("C:\Users\bijno\AppData\Local\Programs\MiKTeX 2.9\tex\latex\beamer\beamerbaset
itle.sty")
("C:\Users\bijno\AppData\Local\Programs\MiKTeX 2.9\tex\latex\beamer\beamerbases
ection.sty"
\c@lecture=\count130
\c@part=\count131
\c@section=\count132
\c@subsection=\count133
\c@subsubsection=\count134
)
("C:\Users\bijno\AppData\Local\Programs\MiKTeX 2.9\tex\latex\beamer\beamerbasef
rame.sty"
\beamer@framebox=\box40
\beamer@frametitlebox=\box41
\beamer@zoombox=\box42
\beamer@zoomcount=\count135
\beamer@zoomframecount=\count136
\beamer@frametextheight=\dimen167
\c@subsectionslide=\count137
\beamer@frametopskip=\skip45
\beamer@framebottomskip=\skip46
\beamer@frametopskipautobreak=\skip47
\beamer@framebottomskipautobreak=\skip48
\beamer@envbody=\toks27
\framewidth=\dimen168
\c@framenumber=\count138
)
("C:\Users\bijno\AppData\Local\Programs\MiKTeX 2.9\tex\latex\beamer\beamerbasev
erbatim.sty"
\beamer@verbatimfileout=\write4
)
("C:\Users\bijno\AppData\Local\Programs\MiKTeX 2.9\tex\latex\beamer\beamerbasef
ramesize.sty"
\beamer@splitbox=\box43
\beamer@autobreakcount=\count139
\beamer@autobreaklastheight=\dimen169
\beamer@frametitletoks=\toks28
\beamer@framesubtitletoks=\toks29
)
("C:\Users\bijno\AppData\Local\Programs\MiKTeX 2.9\tex\latex\beamer\beamerbasef
ramecomponents.sty"
\beamer@footins=\box44
)
("C:\Users\bijno\AppData\Local\Programs\MiKTeX 2.9\tex\latex\beamer\beamerbasec
olor.sty")
("C:\Users\bijno\AppData\Local\Programs\MiKTeX 2.9\tex\latex\beamer\beamerbasen
otes.sty"
\beamer@frameboxcopy=\box45
)
("C:\Users\bijno\AppData\Local\Programs\MiKTeX 2.9\tex\latex\beamer\beamerbaset
oc.sty")
("C:\Users\bijno\AppData\Local\Programs\MiKTeX 2.9\tex\latex\beamer\beamerbaset
emplates.sty"
\beamer@sbttoks=\toks30

("C:\Users\bijno\AppData\Local\Programs\MiKTeX 2.9\tex\latex\beamer\beamerbasea
uxtemplates.sty"
("C:\Users\bijno\AppData\Local\Programs\MiKTeX 2.9\tex\latex\beamer\beamerbaseb
oxes.sty"
\bmb@box=\box46
\bmb@colorbox=\box47
\bmb@boxshadow=\box48
\bmb@boxshadowball=\box49
\bmb@boxshadowballlarge=\box50
\bmb@temp=\dimen170
\bmb@dima=\dimen171
\bmb@dimb=\dimen172
\bmb@prevheight=\dimen173
)
\beamer@blockheadheight=\dimen174
))
("C:\Users\bijno\AppData\Local\Programs\MiKTeX 2.9\tex\latex\beamer\beamerbasel
ocalstructure.sty"
("C:\Users\bijno\AppData\Local\Programs\MiKTeX 2.9\tex\latex\tools\enumerate.st
y"
Package: enumerate 2015/07/23 v3.00 enumerate extensions (DPC)
\@enLab=\toks31
)
\c@figure=\count140
\c@table=\count141
\abovecaptionskip=\skip49
\belowcaptionskip=\skip50
)
("C:\Users\bijno\AppData\Local\Programs\MiKTeX 2.9\tex\latex\beamer\beamerbasen
avigation.sty"
\beamer@section@min@dim=\dimen175
)
("C:\Users\bijno\AppData\Local\Programs\MiKTeX 2.9\tex\latex\beamer\beamerbaset
heorems.sty"
("C:\Users\bijno\AppData\Local\Programs\MiKTeX 2.9\tex\latex\amsmath\amsmath.st
y"
Package: amsmath 2017/09/02 v2.17a AMS math features
\@mathmargin=\skip51

For additional information on amsmath, use the `?' option.

("C:\Users\bijno\AppData\Local\Programs\MiKTeX 2.9\tex\latex\amsmath\amstext.st
y"
Package: amstext 2000/06/29 v2.01 AMS text

("C:\Users\bijno\AppData\Local\Programs\MiKTeX 2.9\tex\latex\amsmath\amsgen.sty
"
File: amsgen.sty 1999/11/30 v2.0 generic functions
\@emptytoks=\toks32
\ex@=\dimen176
))
("C:\Users\bijno\AppData\Local\Programs\MiKTeX 2.9\tex\latex\amsmath\amsbsy.sty
"
Package: amsbsy 1999/11/29 v1.2d Bold Symbols
\pmbraise@=\dimen177
)
("C:\Users\bijno\AppData\Local\Programs\MiKTeX 2.9\tex\latex\amsmath\amsopn.sty
"
Package: amsopn 2016/03/08 v2.02 operator names
)
\inf@bad=\count142
LaTeX Info: Redefining \frac on input line 213.
\uproot@=\count143
\leftroot@=\count144
LaTeX Info: Redefining \overline on input line 375.
\classnum@=\count145
\DOTSCASE@=\count146
LaTeX Info: Redefining \ldots on input line 472.
LaTeX Info: Redefining \dots on input line 475.
LaTeX Info: Redefining \cdots on input line 596.
\Mathstrutbox@=\box51
\strutbox@=\box52
\big@size=\dimen178
LaTeX Font Info:    Redeclaring font encoding OML on input line 712.
LaTeX Font Info:    Redeclaring font encoding OMS on input line 713.
\macc@depth=\count147
\c@MaxMatrixCols=\count148
\dotsspace@=\muskip11
\c@parentequation=\count149
\dspbrk@lvl=\count150
\tag@help=\toks33
\row@=\count151
\column@=\count152
\maxfields@=\count153
\andhelp@=\toks34
\eqnshift@=\dimen179
\alignsep@=\dimen180
\tagshift@=\dimen181
\tagwidth@=\dimen182
\totwidth@=\dimen183
\lineht@=\dimen184
\@envbody=\toks35
\multlinegap=\skip52
\multlinetaggap=\skip53
\mathdisplay@stack=\toks36
LaTeX Info: Redefining \[ on input line 2817.
LaTeX Info: Redefining \] on input line 2818.
)
("C:\Users\bijno\AppData\Local\Programs\MiKTeX 2.9\tex\latex\amscls\amsthm.sty"
Package: amsthm 2017/10/31 v2.20.4
\thm@style=\toks37
\thm@bodyfont=\toks38
\thm@headfont=\toks39
\thm@notefont=\toks40
\thm@headpunct=\toks41
\thm@preskip=\skip54
\thm@postskip=\skip55
\thm@headsep=\skip56
\dth@everypar=\toks42
)
\c@theorem=\count154
)
("C:\Users\bijno\AppData\Local\Programs\MiKTeX 2.9\tex\latex\beamer\beamerbaset
hemes.sty"))
("C:\Users\bijno\AppData\Local\Programs\MiKTeX 2.9\tex\latex\beamer\beamertheme
default.sty"
("C:\Users\bijno\AppData\Local\Programs\MiKTeX 2.9\tex\latex\beamer\beamerfontt
hemedefault.sty")
("C:\Users\bijno\AppData\Local\Programs\MiKTeX 2.9\tex\latex\beamer\beamercolor
themedefault.sty")
("C:\Users\bijno\AppData\Local\Programs\MiKTeX 2.9\tex\latex\beamer\beamerinner
themedefault.sty"
\beamer@dima=\dimen185
\beamer@dimb=\dimen186
)
("C:\Users\bijno\AppData\Local\Programs\MiKTeX 2.9\tex\latex\beamer\beamerouter
themedefault.sty")))
("C:\Users\bijno\AppData\Local\Programs\MiKTeX 2.9\tex\latex\beamer\beamertheme
Dresden.sty"
("C:\Users\bijno\AppData\Local\Programs\MiKTeX 2.9\tex\latex\beamer\beamerouter
thememiniframes.sty")
("C:\Users\bijno\AppData\Local\Programs\MiKTeX 2.9\tex\latex\beamer\beamercolor
themewhale.sty"))
("C:\Users\bijno\AppData\Local\Programs\MiKTeX 2.9\tex\latex\beamer\beamercolor
themecrane.sty")
("C:\Users\bijno\AppData\Local\Programs\MiKTeX 2.9\tex\latex\multirow\multirow.
sty"
Package: multirow 2018/08/03 v2.3 Span multiple rows of a table
\multirow@colwidth=\skip57
\multirow@cntb=\count155
\multirow@dima=\skip58
\bigstrutjot=\dimen187
)
("C:\Users\bijno\AppData\Local\Programs\MiKTeX 2.9\tex\latex\beamer\xmpmulti.st
y"
\@mpm@count=\count156
)
("C:\Users\bijno\AppData\Local\Programs\MiKTeX 2.9\tex\latex\beamer\multimedia.
sty"
Package: multimedia 2012/05/02 ver 0.02
\mm@movie=\count157
) (ml.aux)
\openout1 = `ml.aux'.

LaTeX Font Info:    Checking defaults for OML/cmm/m/it on input line 21.
LaTeX Font Info:    ... okay on input line 21.
LaTeX Font Info:    Checking defaults for T1/cmr/m/n on input line 21.
LaTeX Font Info:    ... okay on input line 21.
LaTeX Font Info:    Checking defaults for OT1/cmr/m/n on input line 21.
LaTeX Font Info:    ... okay on input line 21.
LaTeX Font Info:    Checking defaults for OMS/cmsy/m/n on input line 21.
LaTeX Font Info:    ... okay on input line 21.
LaTeX Font Info:    Checking defaults for OMX/cmex/m/n on input line 21.
LaTeX Font Info:    ... okay on input line 21.
LaTeX Font Info:    Checking defaults for U/cmr/m/n on input line 21.
LaTeX Font Info:    ... okay on input line 21.
LaTeX Font Info:    Checking defaults for PD1/pdf/m/n on input line 21.
LaTeX Font Info:    ... okay on input line 21.

*geometry* driver: auto-detecting
*geometry* detected driver: pdftex
*geometry* verbose mode - [ preamble ] result:
* driver: pdftex
* paper: custom
* layout: <same size as paper>
* layoutoffset:(h,v)=(0.0pt,0.0pt)
* modes: includehead includefoot 
* h-part:(L,W,R)=(28.45274pt, 307.28987pt, 28.45274pt)
* v-part:(T,H,B)=(0.0pt, 273.14662pt, 0.0pt)
* \paperwidth=364.19536pt
* \paperheight=273.14662pt
* \textwidth=307.28987pt
* \textheight=244.6939pt
* \oddsidemargin=-43.81725pt
* \evensidemargin=-43.81725pt
* \topmargin=-72.26999pt
* \headheight=14.22636pt
* \headsep=0.0pt
* \topskip=11.0pt
* \footskip=14.22636pt
* \marginparwidth=4.0pt
* \marginparsep=10.0pt
* \columnsep=10.0pt
* \skip\footins=10.0pt plus 4.0pt minus 2.0pt
* \hoffset=0.0pt
* \voffset=0.0pt
* \mag=1000
* \@twocolumnfalse
* \@twosidefalse
* \@mparswitchfalse
* \@reversemarginfalse
* (1in=72.27pt=25.4mm, 1cm=28.453pt)


("C:\Users\bijno\AppData\Local\Programs\MiKTeX 2.9\tex\context\base\supp-pdf.mk
ii"
[Loading MPS to PDF converter (version 2006.09.02).]
\scratchcounter=\count158
\scratchdimen=\dimen188
\scratchbox=\box53
\nofMPsegments=\count159
\nofMParguments=\count160
\everyMPshowfont=\toks43
\MPscratchCnt=\count161
\MPscratchDim=\dimen189
\MPnumerator=\count162
\makeMPintoPDFobject=\count163
\everyMPtoPDFconversion=\toks44
)
("C:\Users\bijno\AppData\Local\Programs\MiKTeX 2.9\tex\latex\oberdiek\epstopdf-
base.sty"
Package: epstopdf-base 2016/05/15 v2.6 Base part for package epstopdf

("C:\Users\bijno\AppData\Local\Programs\MiKTeX 2.9\tex\latex\oberdiek\grfext.st
y"
Package: grfext 2016/05/16 v1.2 Manage graphics extensions (HO)
)
Package epstopdf-base Info: Redefining graphics rule for `.eps' on input line 4
38.
Package grfext Info: Graphics extension search list:
(grfext)             [.pdf,.png,.jpg,.mps,.jpeg,.jbig2,.jb2,.PDF,.PNG,.JPG,.JPE
G,.JBIG2,.JB2,.eps]
(grfext)             \AppendGraphicsExtensions on input line 456.
) ABD: EveryShipout initializing macros
\AtBeginShipoutBox=\box54
Package hyperref Info: Link coloring OFF on input line 21.

("C:\Users\bijno\AppData\Local\Programs\MiKTeX 2.9\tex\latex\hyperref\nameref.s
ty"
Package: nameref 2016/05/21 v2.44 Cross-referencing by name of section

("C:\Users\bijno\AppData\Local\Programs\MiKTeX 2.9\tex\generic\oberdiek\gettitl
estring.sty"
Package: gettitlestring 2016/05/16 v1.5 Cleanup title references (HO)
)
\c@section@level=\count164
)
LaTeX Info: Redefining \ref on input line 21.
LaTeX Info: Redefining \pageref on input line 21.
LaTeX Info: Redefining \nameref on input line 21.
 (ml.out) (ml.out)
\@outlinefile=\write5
\openout5 = `ml.out'.

LaTeX Font Info:    Overwriting symbol font `operators' in version `normal'
(Font)                  OT1/cmr/m/n --> OT1/cmss/m/n on input line 21.
LaTeX Font Info:    Overwriting symbol font `operators' in version `bold'
(Font)                  OT1/cmr/bx/n --> OT1/cmss/bx/n on input line 21.
\symnumbers=\mathgroup6
\sympureletters=\mathgroup7
LaTeX Font Info:    Overwriting math alphabet `\mathrm' in version `normal'
(Font)                  OT1/cmss/m/n --> OT1/cmr/m/n on input line 21.
LaTeX Font Info:    Redeclaring math alphabet \mathbf on input line 21.
LaTeX Font Info:    Overwriting math alphabet `\mathbf' in version `normal'
(Font)                  OT1/cmr/bx/n --> OT1/cmss/bx/n on input line 21.
LaTeX Font Info:    Overwriting math alphabet `\mathbf' in version `bold'
(Font)                  OT1/cmr/bx/n --> OT1/cmss/bx/n on input line 21.
LaTeX Font Info:    Redeclaring math alphabet \mathsf on input line 21.
LaTeX Font Info:    Overwriting math alphabet `\mathsf' in version `normal'
(Font)                  OT1/cmss/m/n --> OT1/cmss/m/n on input line 21.
LaTeX Font Info:    Overwriting math alphabet `\mathsf' in version `bold'
(Font)                  OT1/cmss/bx/n --> OT1/cmss/m/n on input line 21.
LaTeX Font Info:    Redeclaring math alphabet \mathit on input line 21.
LaTeX Font Info:    Overwriting math alphabet `\mathit' in version `normal'
(Font)                  OT1/cmr/m/it --> OT1/cmss/m/it on input line 21.
LaTeX Font Info:    Overwriting math alphabet `\mathit' in version `bold'
(Font)                  OT1/cmr/bx/it --> OT1/cmss/m/it on input line 21.
LaTeX Font Info:    Redeclaring math alphabet \mathtt on input line 21.
LaTeX Font Info:    Overwriting math alphabet `\mathtt' in version `normal'
(Font)                  OT1/cmtt/m/n --> OT1/cmtt/m/n on input line 21.
LaTeX Font Info:    Overwriting math alphabet `\mathtt' in version `bold'
(Font)                  OT1/cmtt/m/n --> OT1/cmtt/m/n on input line 21.
LaTeX Font Info:    Overwriting symbol font `numbers' in version `bold'
(Font)                  OT1/cmss/m/n --> OT1/cmss/bx/n on input line 21.
LaTeX Font Info:    Overwriting symbol font `pureletters' in version `bold'
(Font)                  OT1/cmss/m/it --> OT1/cmss/bx/it on input line 21.
LaTeX Font Info:    Overwriting math alphabet `\mathrm' in version `bold'
(Font)                  OT1/cmss/bx/n --> OT1/cmr/bx/n on input line 21.
LaTeX Font Info:    Overwriting math alphabet `\mathbf' in version `bold'
(Font)                  OT1/cmss/bx/n --> OT1/cmss/bx/n on input line 21.
LaTeX Font Info:    Overwriting math alphabet `\mathsf' in version `bold'
(Font)                  OT1/cmss/m/n --> OT1/cmss/bx/n on input line 21.
LaTeX Font Info:    Overwriting math alphabet `\mathit' in version `bold'
(Font)                  OT1/cmss/m/it --> OT1/cmss/bx/it on input line 21.
LaTeX Font Info:    Overwriting math alphabet `\mathtt' in version `bold'
(Font)                  OT1/cmtt/m/n --> OT1/cmtt/bx/n on input line 21.
LaTeX Font Info:    Redeclaring symbol font `pureletters' on input line 21.
LaTeX Font Info:    Overwriting symbol font `pureletters' in version `normal'
(Font)                  OT1/cmss/m/it --> OT1/mathkerncmss/m/sl on input line 2
1.
LaTeX Font Info:    Overwriting symbol font `pureletters' in version `bold'
(Font)                  OT1/cmss/bx/it --> OT1/mathkerncmss/m/sl on input line 
21.
LaTeX Font Info:    Overwriting symbol font `pureletters' in version `bold'
(Font)                  OT1/mathkerncmss/m/sl --> OT1/mathkerncmss/bx/sl on inp
ut line 21.
 (ml.nav)

Package hyperref Warning: Option `pdfauthor' has already been used,
(hyperref)                setting the option has no effect on input line 23.

[1{C:/Users/bijno/AppData/Local/MiKTeX/2.9/pdftex/config/pdftex.map}

] (ml.toc)
[2

]
LaTeX Font Info:    Try loading font information for U+msa on input line 69.

("C:\Users\bijno\AppData\Local\Programs\MiKTeX 2.9\tex\latex\amsfonts\umsa.fd"
File: umsa.fd 2013/01/14 v3.01 AMS symbols A
)
LaTeX Font Info:    Try loading font information for U+msb on input line 69.
("C:\Users\bijno\AppData\Local\Programs\MiKTeX 2.9\tex\latex\amsfonts\umsb.fd"
File: umsb.fd 2013/01/14 v3.01 AMS symbols B
)
LaTeX Font Info:    Try loading font information for OT1+mathkerncmss on input 
line 69.

("C:\Users\bijno\AppData\Local\Programs\MiKTeX 2.9\tex\latex\sansmathaccent\ot1
mathkerncmss.fd"
File: ot1mathkerncmss.fd 2013/03/27 Fontinst v1.933 font definitions for OT1/ma
thkerncmss.
) [3

] [4

]
Overfull \hbox (24.48273pt too wide) in paragraph at lines 108--108
 [] 
 []

[5

] [6

] [7

]
Underfull \hbox (badness 1721) in paragraph at lines 186--186
[]\OT1/cmss/m/n/6 iterative clus-ter-ing al-go-rithms in
 []


Underfull \hbox (badness 10000) in paragraph at lines 186--186
[]\OT1/cmss/m/n/6 isolates var-i-ous dif-fer-ent
 []


Underfull \hbox (badness 1033) in paragraph at lines 186--186
[]\OT1/cmss/m/n/6 mean-shift, DB-SCAN and
 []


Underfull \hbox (badness 10000) in paragraph at lines 186--186
[]\OT1/cmss/m/n/6 Approaches: 1) Top-
 []


Underfull \hbox (badness 1668) in paragraph at lines 186--186
[]\OT1/cmss/m/n/6 These mod-els of-ten suf-fer
 []


Underfull \hbox (badness 4819) in paragraph at lines 186--186
\OT1/cmss/m/n/6 from over-fitting. Prior
 []


Underfull \hbox (badness 3281) in paragraph at lines 186--186
\OT1/cmss/m/n/6 knowl-edge to de-fine num
 []


Underfull \hbox (badness 3646) in paragraph at lines 186--186
\OT1/cmss/m/n/6 clus-ter co-vari-ance due to
 []


Underfull \hbox (badness 4108) in paragraph at lines 186--186
[]\OT1/cmss/m/n/6 elliptical shape (since we
 []


Underfull \hbox (badness 2582) in paragraph at lines 186--186
[]\OT1/cmss/m/n/6 DBSCAN: can find ar-bi-
 []


Underfull \hbox (badness 10000) in paragraph at lines 186--186
[]\OT1/cmss/m/n/6 DBSCAN: draw-back in
 []


Underfull \hbox (badness 3189) in paragraph at lines 186--186
\OT1/cmss/m/n/6 the dis-tance thresh-old $\OML/cmm/m/it/6 $
 []


Underfull \hbox (badness 10000) in paragraph at lines 186--186
\OT1/cmss/m/n/6 be-comes chal-leng-ing to
 []


Overfull \vbox (3.92616pt too high) detected at line 186
 []

[8

]
<figs/clustering.png, id=362, 2107.875pt x 1254.6875pt>
File: figs/clustering.png Graphic file (type png)
<use figs/clustering.png>
Package pdftex.def Info: figs/clustering.png  used on input line 193.
(pdftex.def)             Requested size: 316.1676pt x 188.195pt.

Overfull \hbox (8.87773pt too wide) in paragraph at lines 193--193
[][]  
 []

[9

 <./figs/clustering.png (PNG copy)>] [10

]
<figs/meanshift/meanshift-3.png, id=432, 433.62pt x 433.62pt>
File: figs/meanshift/meanshift-3.png Graphic file (type png)
<use figs/meanshift/meanshift-3.png>
Package pdftex.def Info: figs/meanshift/meanshift-3.png  used on input line 235
.
(pdftex.def)             Requested size: 65.04019pt x 65.04019pt.
<figs/meanshift/meanshift-4.png, id=433, 433.62pt x 433.62pt>
File: figs/meanshift/meanshift-4.png Graphic file (type png)
<use figs/meanshift/meanshift-4.png>
Package pdftex.def Info: figs/meanshift/meanshift-4.png  used on input line 235
.
(pdftex.def)             Requested size: 65.04019pt x 65.04019pt.
<figs/meanshift/meanshift-6.png, id=434, 433.62pt x 433.62pt>
File: figs/meanshift/meanshift-6.png Graphic file (type png)
<use figs/meanshift/meanshift-6.png>
Package pdftex.def Info: figs/meanshift/meanshift-6.png  used on input line 235
.
(pdftex.def)             Requested size: 65.04019pt x 65.04019pt.
<figs/meanshift/meanshift-8.png, id=435, 433.62pt x 433.62pt>
File: figs/meanshift/meanshift-8.png Graphic file (type png)
<use figs/meanshift/meanshift-8.png>
Package pdftex.def Info: figs/meanshift/meanshift-8.png  used on input line 235
.
(pdftex.def)             Requested size: 65.04019pt x 65.04019pt.
<figs/meanshift/meanshift-10.png, id=436, 433.62pt x 433.62pt>
File: figs/meanshift/meanshift-10.png Graphic file (type png)
<use figs/meanshift/meanshift-10.png>
Package pdftex.def Info: figs/meanshift/meanshift-10.png  used on input line 23
5.
(pdftex.def)             Requested size: 65.04019pt x 65.04019pt.
<figs/meanshift/meanshift-12.png, id=437, 433.62pt x 433.62pt>
File: figs/meanshift/meanshift-12.png Graphic file (type png)
<use figs/meanshift/meanshift-12.png>
Package pdftex.def Info: figs/meanshift/meanshift-12.png  used on input line 23
5.
(pdftex.def)             Requested size: 65.04019pt x 65.04019pt.
<figs/meanshift/meanshift-14.png, id=438, 433.62pt x 433.62pt>
File: figs/meanshift/meanshift-14.png Graphic file (type png)
<use figs/meanshift/meanshift-14.png>
Package pdftex.def Info: figs/meanshift/meanshift-14.png  used on input line 23
5.
(pdftex.def)             Requested size: 65.04019pt x 65.04019pt.
<figs/meanshift/meanshift-16.png, id=439, 433.62pt x 433.62pt>
File: figs/meanshift/meanshift-16.png Graphic file (type png)
<use figs/meanshift/meanshift-16.png>
Package pdftex.def Info: figs/meanshift/meanshift-16.png  used on input line 23
5.
(pdftex.def)             Requested size: 65.04019pt x 65.04019pt.
<figs/meanshift/meanshift-18.png, id=440, 433.62pt x 433.62pt>
File: figs/meanshift/meanshift-18.png Graphic file (type png)
<use figs/meanshift/meanshift-18.png>
Package pdftex.def Info: figs/meanshift/meanshift-18.png  used on input line 23
5.
(pdftex.def)             Requested size: 65.04019pt x 65.04019pt.
<figs/meanshift/meanshift-20.png, id=441, 433.62pt x 433.62pt>
File: figs/meanshift/meanshift-20.png Graphic file (type png)
<use figs/meanshift/meanshift-20.png>
Package pdftex.def Info: figs/meanshift/meanshift-20.png  used on input line 23
5.
(pdftex.def)             Requested size: 65.04019pt x 65.04019pt.
<figs/meanshift/meanshift-22.png, id=442, 433.62pt x 433.62pt>
File: figs/meanshift/meanshift-22.png Graphic file (type png)
<use figs/meanshift/meanshift-22.png>
Package pdftex.def Info: figs/meanshift/meanshift-22.png  used on input line 23
5.
(pdftex.def)             Requested size: 65.04019pt x 65.04019pt.
<figs/meanshift/meanshift-36.png, id=443, 433.62pt x 433.62pt>
File: figs/meanshift/meanshift-36.png Graphic file (type png)
<use figs/meanshift/meanshift-36.png>
Package pdftex.def Info: figs/meanshift/meanshift-36.png  used on input line 23
5.
(pdftex.def)             Requested size: 65.04019pt x 65.04019pt.
<figs/meanshift/meanshift-38.png, id=444, 433.62pt x 433.62pt>
File: figs/meanshift/meanshift-38.png Graphic file (type png)
<use figs/meanshift/meanshift-38.png>
Package pdftex.def Info: figs/meanshift/meanshift-38.png  used on input line 23
5.
(pdftex.def)             Requested size: 65.04019pt x 65.04019pt.
<figs/meanshift/meanshift-40.png, id=445, 433.62pt x 433.62pt>
File: figs/meanshift/meanshift-40.png Graphic file (type png)
<use figs/meanshift/meanshift-40.png>
Package pdftex.def Info: figs/meanshift/meanshift-40.png  used on input line 23
5.
(pdftex.def)             Requested size: 65.04019pt x 65.04019pt.
<figs/meanshift/meanshift-43.png, id=446, 433.62pt x 433.62pt>
File: figs/meanshift/meanshift-43.png Graphic file (type png)
<use figs/meanshift/meanshift-43.png>
Package pdftex.def Info: figs/meanshift/meanshift-43.png  used on input line 23
5.
(pdftex.def)             Requested size: 65.04019pt x 65.04019pt.

Overfull \vbox (4.82121pt too high) detected at line 235
 []

[11

 <./figs/meanshift/meanshift-3.png> <./figs/meanshift/meanshift-4.png> <./figs/
meanshift/meanshift-6.png> <./figs/meanshift/meanshift-8.png> <./figs/meanshift
/meanshift-10.png> <./figs/meanshift/meanshift-12.png> <./figs/meanshift/meansh
ift-14.png> <./figs/meanshift/meanshift-16.png> <./figs/meanshift/meanshift-18.
png> <./figs/meanshift/meanshift-20.png> <./figs/meanshift/meanshift-22.png> <.
/figs/meanshift/meanshift-36.png> <./figs/meanshift/meanshift-38.png> <./figs/m
eanshift/meanshift-40.png> <./figs/meanshift/meanshift-43.png>] [12

]
<figs/dbscan/1.jpg, id=531, 508.14844pt x 319.1925pt>
File: figs/dbscan/1.jpg Graphic file (type jpg)
<use figs/dbscan/1.jpg>
Package pdftex.def Info: figs/dbscan/1.jpg  used on input line 269.
(pdftex.def)             Requested size: 76.21896pt x 47.8768pt.
<figs/dbscan/11.jpg, id=532, 508.14844pt x 319.1925pt>
File: figs/dbscan/11.jpg Graphic file (type jpg)
<use figs/dbscan/11.jpg>
Package pdftex.def Info: figs/dbscan/11.jpg  used on input line 269.
(pdftex.def)             Requested size: 76.21896pt x 47.8768pt.
<figs/dbscan/2.jpg, id=533, 508.14844pt x 319.1925pt>
File: figs/dbscan/2.jpg Graphic file (type jpg)
<use figs/dbscan/2.jpg>
Package pdftex.def Info: figs/dbscan/2.jpg  used on input line 269.
(pdftex.def)             Requested size: 76.21896pt x 47.8768pt.
<figs/dbscan/3.jpg, id=534, 508.14844pt x 319.1925pt>
File: figs/dbscan/3.jpg Graphic file (type jpg)
<use figs/dbscan/3.jpg>
Package pdftex.def Info: figs/dbscan/3.jpg  used on input line 269.
(pdftex.def)             Requested size: 76.21896pt x 47.8768pt.
<figs/dbscan/31.jpg, id=535, 508.14844pt x 319.1925pt>
File: figs/dbscan/31.jpg Graphic file (type jpg)
<use figs/dbscan/31.jpg>
Package pdftex.def Info: figs/dbscan/31.jpg  used on input line 269.
(pdftex.def)             Requested size: 76.21896pt x 47.8768pt.
<figs/dbscan/4.jpg, id=536, 508.14844pt x 319.1925pt>
File: figs/dbscan/4.jpg Graphic file (type jpg)
<use figs/dbscan/4.jpg>
Package pdftex.def Info: figs/dbscan/4.jpg  used on input line 269.
(pdftex.def)             Requested size: 76.21896pt x 47.8768pt.
<figs/dbscan/5.jpg, id=537, 508.14844pt x 319.1925pt>
File: figs/dbscan/5.jpg Graphic file (type jpg)
<use figs/dbscan/5.jpg>
Package pdftex.def Info: figs/dbscan/5.jpg  used on input line 269.
(pdftex.def)             Requested size: 76.21896pt x 47.8768pt.
<figs/dbscan/6.jpg, id=538, 508.14844pt x 319.1925pt>
File: figs/dbscan/6.jpg Graphic file (type jpg)
<use figs/dbscan/6.jpg>
Package pdftex.def Info: figs/dbscan/6.jpg  used on input line 269.
(pdftex.def)             Requested size: 76.21896pt x 47.8768pt.
<figs/dbscan/7.jpg, id=539, 508.14844pt x 319.1925pt>
File: figs/dbscan/7.jpg Graphic file (type jpg)
<use figs/dbscan/7.jpg>
Package pdftex.def Info: figs/dbscan/7.jpg  used on input line 269.
(pdftex.def)             Requested size: 76.21896pt x 47.8768pt.
<figs/dbscan/8.jpg, id=540, 508.14844pt x 319.1925pt>
File: figs/dbscan/8.jpg Graphic file (type jpg)
<use figs/dbscan/8.jpg>
Package pdftex.def Info: figs/dbscan/8.jpg  used on input line 269.
(pdftex.def)             Requested size: 76.21896pt x 47.8768pt.
<figs/dbscan/9.jpg, id=541, 508.14844pt x 319.1925pt>
File: figs/dbscan/9.jpg Graphic file (type jpg)
<use figs/dbscan/9.jpg>
Package pdftex.def Info: figs/dbscan/9.jpg  used on input line 269.
(pdftex.def)             Requested size: 76.21896pt x 47.8768pt.
<figs/dbscan/10.jpg, id=542, 508.14844pt x 319.1925pt>
File: figs/dbscan/10.jpg Graphic file (type jpg)
<use figs/dbscan/10.jpg>
Package pdftex.def Info: figs/dbscan/10.jpg  used on input line 269.
(pdftex.def)             Requested size: 76.21896pt x 47.8768pt.

[13

 <./figs/dbscan/1.jpg> <./figs/dbscan/11.jpg> <./figs/dbscan/2.jpg> <./figs/dbs
can/3.jpg> <./figs/dbscan/31.jpg> <./figs/dbscan/4.jpg> <./figs/dbscan/5.jpg> <
./figs/dbscan/6.jpg> <./figs/dbscan/7.jpg> <./figs/dbscan/8.jpg> <./figs/dbscan
/9.jpg> <./figs/dbscan/10.jpg>] [14

] [15

] [16

]
<figs/em/frame_00_delay-0.png, id=680, 271.0125pt x 232.61906pt>
File: figs/em/frame_00_delay-0.png Graphic file (type png)
<use figs/em/frame_00_delay-0.png>
Package pdftex.def Info: figs/em/frame_00_delay-0.png  used on input line 314.
(pdftex.def)             Requested size: 54.20152pt x 46.52298pt.
<figs/em/frame_01_delay-0.png, id=681, 271.0125pt x 232.61906pt>
File: figs/em/frame_01_delay-0.png Graphic file (type png)
<use figs/em/frame_01_delay-0.png>
Package pdftex.def Info: figs/em/frame_01_delay-0.png  used on input line 314.
(pdftex.def)             Requested size: 54.20152pt x 46.52298pt.
<figs/em/frame_02_delay-0.png, id=682, 271.0125pt x 232.61906pt>
File: figs/em/frame_02_delay-0.png Graphic file (type png)
<use figs/em/frame_02_delay-0.png>
Package pdftex.def Info: figs/em/frame_02_delay-0.png  used on input line 314.
(pdftex.def)             Requested size: 54.20152pt x 46.52298pt.
<figs/em/frame_03_delay-0.png, id=683, 271.0125pt x 232.61906pt>
File: figs/em/frame_03_delay-0.png Graphic file (type png)
<use figs/em/frame_03_delay-0.png>
Package pdftex.def Info: figs/em/frame_03_delay-0.png  used on input line 314.
(pdftex.def)             Requested size: 54.20152pt x 46.52298pt.
<figs/em/frame_04_delay-0.png, id=684, 271.0125pt x 232.61906pt>
File: figs/em/frame_04_delay-0.png Graphic file (type png)
<use figs/em/frame_04_delay-0.png>
Package pdftex.def Info: figs/em/frame_04_delay-0.png  used on input line 314.
(pdftex.def)             Requested size: 54.20152pt x 46.52298pt.
<figs/em/frame_05_delay-0.png, id=685, 271.0125pt x 232.61906pt>
File: figs/em/frame_05_delay-0.png Graphic file (type png)
<use figs/em/frame_05_delay-0.png>
Package pdftex.def Info: figs/em/frame_05_delay-0.png  used on input line 314.
(pdftex.def)             Requested size: 54.20152pt x 46.52298pt.
<figs/em/frame_06_delay-0.png, id=686, 271.0125pt x 232.61906pt>
File: figs/em/frame_06_delay-0.png Graphic file (type png)
<use figs/em/frame_06_delay-0.png>
Package pdftex.def Info: figs/em/frame_06_delay-0.png  used on input line 314.
(pdftex.def)             Requested size: 54.20152pt x 46.52298pt.
<figs/em/frame_07_delay-0.png, id=687, 271.0125pt x 232.61906pt>
File: figs/em/frame_07_delay-0.png Graphic file (type png)
<use figs/em/frame_07_delay-0.png>
Package pdftex.def Info: figs/em/frame_07_delay-0.png  used on input line 314.
(pdftex.def)             Requested size: 54.20152pt x 46.52298pt.
<figs/em/frame_08_delay-0.png, id=688, 271.0125pt x 232.61906pt>
File: figs/em/frame_08_delay-0.png Graphic file (type png)
<use figs/em/frame_08_delay-0.png>
Package pdftex.def Info: figs/em/frame_08_delay-0.png  used on input line 314.
(pdftex.def)             Requested size: 54.20152pt x 46.52298pt.
<figs/em/frame_09_delay-0.png, id=689, 271.0125pt x 232.61906pt>
File: figs/em/frame_09_delay-0.png Graphic file (type png)
<use figs/em/frame_09_delay-0.png>
Package pdftex.def Info: figs/em/frame_09_delay-0.png  used on input line 314.
(pdftex.def)             Requested size: 54.20152pt x 46.52298pt.
<figs/em/frame_10_delay-0.png, id=690, 271.0125pt x 232.61906pt>
File: figs/em/frame_10_delay-0.png Graphic file (type png)
<use figs/em/frame_10_delay-0.png>
Package pdftex.def Info: figs/em/frame_10_delay-0.png  used on input line 314.
(pdftex.def)             Requested size: 54.20152pt x 46.52298pt.
<figs/em/frame_11_delay-0.png, id=691, 271.0125pt x 232.61906pt>
File: figs/em/frame_11_delay-0.png Graphic file (type png)
<use figs/em/frame_11_delay-0.png>
Package pdftex.def Info: figs/em/frame_11_delay-0.png  used on input line 314.
(pdftex.def)             Requested size: 54.20152pt x 46.52298pt.
<figs/em/frame_12_delay-0.png, id=692, 271.0125pt x 232.61906pt>
File: figs/em/frame_12_delay-0.png Graphic file (type png)
<use figs/em/frame_12_delay-0.png>
Package pdftex.def Info: figs/em/frame_12_delay-0.png  used on input line 314.
(pdftex.def)             Requested size: 54.20152pt x 46.52298pt.
<figs/em/frame_13_delay-0.png, id=693, 271.0125pt x 232.61906pt>
File: figs/em/frame_13_delay-0.png Graphic file (type png)
<use figs/em/frame_13_delay-0.png>
Package pdftex.def Info: figs/em/frame_13_delay-0.png  used on input line 314.
(pdftex.def)             Requested size: 54.20152pt x 46.52298pt.
<figs/em/frame_14_delay-0.png, id=694, 271.0125pt x 232.61906pt>
File: figs/em/frame_14_delay-0.png Graphic file (type png)
<use figs/em/frame_14_delay-0.png>
Package pdftex.def Info: figs/em/frame_14_delay-0.png  used on input line 314.
(pdftex.def)             Requested size: 54.20152pt x 46.52298pt.
 [17

 <./figs/em/frame_00_delay-0.png> <./figs/em/frame_01_delay-0.png> <./figs/em/f
rame_02_delay-0.png> <./figs/em/frame_03_delay-0.png> <./figs/em/frame_04_delay
-0.png> <./figs/em/frame_05_delay-0.png> <./figs/em/frame_06_delay-0.png> <./fi
gs/em/frame_07_delay-0.png> <./figs/em/frame_08_delay-0.png> <./figs/em/frame_0
9_delay-0.png> <./figs/em/frame_10_delay-0.png> <./figs/em/frame_11_delay-0.png
> <./figs/em/frame_12_delay-0.png> <./figs/em/frame_13_delay-0.png> <./figs/em/
frame_14_delay-0.png>]
<figs/kmeans_1.jpg, id=729, 206.27063pt x 152.82094pt>
File: figs/kmeans_1.jpg Graphic file (type jpg)
<use figs/kmeans_1.jpg>
Package pdftex.def Info: figs/kmeans_1.jpg  used on input line 333.
(pdftex.def)             Requested size: 103.13506pt x 76.41026pt.
<figs/kmeans_2.png, id=730, 509.65407pt x 422.32782pt>
File: figs/kmeans_2.png Graphic file (type png)
<use figs/kmeans_2.png>
Package pdftex.def Info: figs/kmeans_2.png  used on input line 333.
(pdftex.def)             Requested size: 101.929pt x 84.46407pt.

[18

 <./figs/kmeans_1.jpg> <./figs/kmeans_2.png>] [19

]
<figs/kmeans_fail.png, id=800, 358.33875pt x 180.675pt>
File: figs/kmeans_fail.png Graphic file (type png)
<use figs/kmeans_fail.png>
Package pdftex.def Info: figs/kmeans_fail.png  used on input line 347.
(pdftex.def)             Requested size: 179.16893pt x 90.33727pt.
 [20

 <./figs/kmeans_fail.png (PNG copy)>] [21

]
<figs/hierarchical.png, id=872, 426.84468pt x 283.0575pt>
File: figs/hierarchical.png Graphic file (type png)
<use figs/hierarchical.png>
Package pdftex.def Info: figs/hierarchical.png  used on input line 388.
(pdftex.def)             Requested size: 106.7109pt x 70.76419pt.

Overfull \hbox (14.52301pt too wide) in paragraph at lines 388--388
[][]  
 []

[22

 <./figs/hierarchical.png>] [23

] [24

] [25

]
\tf@nav=\write6
\openout6 = `ml.nav'.

\tf@toc=\write7
\openout7 = `ml.toc'.

\tf@snm=\write8
\openout8 = `ml.snm'.

Package atveryend Info: Empty hook `BeforeClearDocument' on input line 403.
Package atveryend Info: Empty hook `AfterLastShipout' on input line 403.
 (ml.aux)
Package atveryend Info: Executing hook `AtVeryEndDocument' on input line 403.
Package atveryend Info: Executing hook `AtEndAfterFileList' on input line 403.
Package rerunfilecheck Info: File `ml.out' has not changed.
(rerunfilecheck)             Checksum: DD40C85CB50443A36C5444D54AA84BDA;600.
 ) 
Here is how much of TeX's memory you used:
 17271 strings out of 492973
 334992 string characters out of 3126693
 439414 words of memory out of 3000000
 20648 multiletter control sequences out of 15000+200000
 12323 words of font info for 45 fonts, out of 3000000 for 9000
 1141 hyphenation exceptions out of 8191
 56i,19n,56p,811b,849s stack positions out of 5000i,500n,10000p,200000b,50000s
<C:/Users/bijno/AppData/Local/Programs/MiKTeX 2.9/fonts/type1/public/amsfonts
/cm/cmex10.pfb><C:/Users/bijno/AppData/Local/Programs/MiKTeX 2.9/fonts/type1/pu
blic/amsfonts/cm/cmmi10.pfb><C:/Users/bijno/AppData/Local/Programs/MiKTeX 2.9/f
onts/type1/public/amsfonts/cm/cmmi6.pfb><C:/Users/bijno/AppData/Local/Programs/
MiKTeX 2.9/fonts/type1/public/amsfonts/cm/cmss10.pfb><C:/Users/bijno/AppData/Lo
cal/Programs/MiKTeX 2.9/fonts/type1/public/amsfonts/cm/cmss12.pfb><C:/Users/bij
no/AppData/Local/Programs/MiKTeX 2.9/fonts/type1/public/amsfonts/cm/cmss8.pfb><
C:/Users/bijno/AppData/Local/Programs/MiKTeX 2.9/fonts/type1/public/amsfonts/cm
/cmssbx10.pfb><C:/Users/bijno/AppData/Local/Programs/MiKTeX 2.9/fonts/type1/pub
lic/amsfonts/cm/cmssi10.pfb><C:/Users/bijno/AppData/Local/Programs/MiKTeX 2.9/f
onts/type1/public/amsfonts/cm/cmssi8.pfb><C:/Users/bijno/AppData/Local/Programs
/MiKTeX 2.9/fonts/type1/public/amsfonts/cm/cmsy10.pfb><C:/Users/bijno/AppData/L
ocal/Programs/MiKTeX 2.9/fonts/type1/public/amsfonts/cm/cmsy8.pfb>
Output written on ml.pdf (25 pages, 2495139 bytes).
PDF statistics:
 1060 PDF objects out of 1200 (max. 8388607)
 61 named destinations out of 1000 (max. 500000)
 362 words of extra memory for PDF output out of 10000 (max. 10000000)

