This is pdfTeX, Version 3.14159265-2.6-1.40.19 (MiKTeX 2.9.6800 64-bit) (preloaded format=pdflatex 2018.9.6)  26 FEB 2020 20:16
entering extended mode
**./Stats.tex
(Stats.tex
LaTeX2e <2018-04-01> patch level 5
("C:\Users\bijno\AppData\Local\Programs\MiKTeX 2.9\tex\latex\beamer\beamer.cls"
Document Class: beamer 2018/09/06 v3.53 A class for typesetting presentations

("C:\Users\bijno\AppData\Local\Programs\MiKTeX 2.9\tex\latex\beamer\beamerbasem
odes.sty"
("C:\Users\bijno\AppData\Local\Programs\MiKTeX 2.9\tex\latex\etoolbox\etoolbox.
sty"
Package: etoolbox 2018/08/19 v2.5f e-TeX tools for LaTeX (JAW)
\etb@tempcnta=\count80
)
\beamer@tempbox=\box26
\beamer@tempcount=\count81
\c@beamerpauses=\count82

("C:\Users\bijno\AppData\Local\Programs\MiKTeX 2.9\tex\latex\beamer\beamerbased
ecode.sty"
\beamer@slideinframe=\count83
\beamer@minimum=\count84
)
\beamer@commentbox=\box27
\beamer@modecount=\count85
)
("C:\Users\bijno\AppData\Local\Programs\MiKTeX 2.9\tex\generic\oberdiek\ifpdf.s
ty"
Package: ifpdf 2017/03/15 v3.2 Provides the ifpdf switch
)
\headdp=\dimen102
\footheight=\dimen103
\sidebarheight=\dimen104
\beamer@tempdim=\dimen105
\beamer@finalheight=\dimen106
\beamer@animht=\dimen107
\beamer@animdp=\dimen108
\beamer@animwd=\dimen109
\beamer@leftmargin=\dimen110
\beamer@rightmargin=\dimen111
\beamer@leftsidebar=\dimen112
\beamer@rightsidebar=\dimen113
\beamer@boxsize=\dimen114
\beamer@vboxoffset=\dimen115
\beamer@descdefault=\dimen116
\beamer@descriptionwidth=\dimen117
\beamer@lastskip=\skip41
\beamer@areabox=\box28
\beamer@animcurrent=\box29
\beamer@animshowbox=\box30
\beamer@sectionbox=\box31
\beamer@logobox=\box32
\beamer@linebox=\box33
\beamer@sectioncount=\count86
\beamer@subsubsectionmax=\count87
\beamer@subsectionmax=\count88
\beamer@sectionmax=\count89
\beamer@totalheads=\count90
\beamer@headcounter=\count91
\beamer@partstartpage=\count92
\beamer@sectionstartpage=\count93
\beamer@subsectionstartpage=\count94
\beamer@animationtempa=\count95
\beamer@animationtempb=\count96
\beamer@xpos=\count97
\beamer@ypos=\count98
\beamer@ypos@offset=\count99
\beamer@showpartnumber=\count100
\beamer@currentsubsection=\count101
\beamer@coveringdepth=\count102
\beamer@sectionadjust=\count103
\beamer@tocsectionnumber=\count104

("C:\Users\bijno\AppData\Local\Programs\MiKTeX 2.9\tex\latex\beamer\beamerbaseo
ptions.sty"
("C:\Users\bijno\AppData\Local\Programs\MiKTeX 2.9\tex\latex\graphics\keyval.st
y"
Package: keyval 2014/10/28 v1.15 key=value parser (DPC)
\KV@toks@=\toks14
))
\beamer@paperwidth=\skip42
\beamer@paperheight=\skip43

("C:\Users\bijno\AppData\Local\Programs\MiKTeX 2.9\tex\latex\geometry\geometry.
sty"
Package: geometry 2018/04/16 v5.8 Page Geometry

("C:\Users\bijno\AppData\Local\Programs\MiKTeX 2.9\tex\generic\oberdiek\ifvtex.
sty"
Package: ifvtex 2016/05/16 v1.6 Detect VTeX and its facilities (HO)
Package ifvtex Info: VTeX not detected.
)
("C:\Users\bijno\AppData\Local\Programs\MiKTeX 2.9\tex\generic\ifxetex\ifxetex.
sty"
Package: ifxetex 2010/09/12 v0.6 Provides ifxetex conditional
)
\Gm@cnth=\count105
\Gm@cntv=\count106
\c@Gm@tempcnt=\count107
\Gm@bindingoffset=\dimen118
\Gm@wd@mp=\dimen119
\Gm@odd@mp=\dimen120
\Gm@even@mp=\dimen121
\Gm@layoutwidth=\dimen122
\Gm@layoutheight=\dimen123
\Gm@layouthoffset=\dimen124
\Gm@layoutvoffset=\dimen125
\Gm@dimlist=\toks15

("C:\Users\bijno\AppData\Local\Programs\MiKTeX 2.9\tex\latex\geometry\geometry.
cfg"))
("C:\Users\bijno\AppData\Local\Programs\MiKTeX 2.9\tex\latex\base\size11.clo"
File: size11.clo 2014/09/29 v1.4h Standard LaTeX file (size option)
)
("C:\Users\bijno\AppData\Local\Programs\MiKTeX 2.9\tex\latex\pgf\basiclayer\pgf
core.sty"
("C:\Users\bijno\AppData\Local\Programs\MiKTeX 2.9\tex\latex\graphics\graphicx.
sty"
Package: graphicx 2017/06/01 v1.1a Enhanced LaTeX Graphics (DPC,SPQR)

("C:\Users\bijno\AppData\Local\Programs\MiKTeX 2.9\tex\latex\graphics\graphics.
sty"
Package: graphics 2017/06/25 v1.2c Standard LaTeX Graphics (DPC,SPQR)

("C:\Users\bijno\AppData\Local\Programs\MiKTeX 2.9\tex\latex\graphics\trig.sty"
Package: trig 2016/01/03 v1.10 sin cos tan (DPC)
)
("C:\Users\bijno\AppData\Local\Programs\MiKTeX 2.9\tex\latex\graphics-cfg\graph
ics.cfg"
File: graphics.cfg 2016/06/04 v1.11 sample graphics configuration
)
Package graphics Info: Driver file: pdftex.def on input line 99.

("C:\Users\bijno\AppData\Local\Programs\MiKTeX 2.9\tex\latex\graphics-def\pdfte
x.def"
File: pdftex.def 2018/01/08 v1.0l Graphics/color driver for pdftex
))
\Gin@req@height=\dimen126
\Gin@req@width=\dimen127
)
("C:\Users\bijno\AppData\Local\Programs\MiKTeX 2.9\tex\latex\pgf\systemlayer\pg
fsys.sty"
("C:\Users\bijno\AppData\Local\Programs\MiKTeX 2.9\tex\latex\pgf\utilities\pgfr
cs.sty"
("C:\Users\bijno\AppData\Local\Programs\MiKTeX 2.9\tex\generic\pgf\utilities\pg
futil-common.tex"
\pgfutil@everybye=\toks16
\pgfutil@tempdima=\dimen128
\pgfutil@tempdimb=\dimen129

("C:\Users\bijno\AppData\Local\Programs\MiKTeX 2.9\tex\generic\pgf\utilities\pg
futil-common-lists.tex"))
("C:\Users\bijno\AppData\Local\Programs\MiKTeX 2.9\tex\generic\pgf\utilities\pg
futil-latex.def"
\pgfutil@abb=\box34

("C:\Users\bijno\AppData\Local\Programs\MiKTeX 2.9\tex\latex\ms\everyshi.sty"
Package: everyshi 2001/05/15 v3.00 EveryShipout Package (MS)
))
("C:\Users\bijno\AppData\Local\Programs\MiKTeX 2.9\tex\generic\pgf\utilities\pg
frcs.code.tex"
Package: pgfrcs 2015/08/07 v3.0.1a (rcs-revision 1.31)
))
("C:\Users\bijno\AppData\Local\Programs\MiKTeX 2.9\tex\generic\pgf\systemlayer\
pgfsys.code.tex"
Package: pgfsys 2014/07/09 v3.0.1a (rcs-revision 1.48)

("C:\Users\bijno\AppData\Local\Programs\MiKTeX 2.9\tex\generic\pgf\utilities\pg
fkeys.code.tex"
\pgfkeys@pathtoks=\toks17
\pgfkeys@temptoks=\toks18

("C:\Users\bijno\AppData\Local\Programs\MiKTeX 2.9\tex\generic\pgf\utilities\pg
fkeysfiltered.code.tex"
\pgfkeys@tmptoks=\toks19
))
\pgf@x=\dimen130
\pgf@y=\dimen131
\pgf@xa=\dimen132
\pgf@ya=\dimen133
\pgf@xb=\dimen134
\pgf@yb=\dimen135
\pgf@xc=\dimen136
\pgf@yc=\dimen137
\w@pgf@writea=\write3
\r@pgf@reada=\read1
\c@pgf@counta=\count108
\c@pgf@countb=\count109
\c@pgf@countc=\count110
\c@pgf@countd=\count111
\t@pgf@toka=\toks20
\t@pgf@tokb=\toks21
\t@pgf@tokc=\toks22

("C:\Users\bijno\AppData\Local\Programs\MiKTeX 2.9\tex\generic\pgf\systemlayer\
pgf.cfg"
File: pgf.cfg 2008/05/14  (rcs-revision 1.7)
)
Driver file for pgf: pgfsys-pdftex.def

("C:\Users\bijno\AppData\Local\Programs\MiKTeX 2.9\tex\generic\pgf\systemlayer\
pgfsys-pdftex.def"
File: pgfsys-pdftex.def 2014/10/11  (rcs-revision 1.35)

("C:\Users\bijno\AppData\Local\Programs\MiKTeX 2.9\tex\generic\pgf\systemlayer\
pgfsys-common-pdf.def"
File: pgfsys-common-pdf.def 2013/10/10  (rcs-revision 1.13)
)))
("C:\Users\bijno\AppData\Local\Programs\MiKTeX 2.9\tex\generic\pgf\systemlayer\
pgfsyssoftpath.code.tex"
File: pgfsyssoftpath.code.tex 2013/09/09  (rcs-revision 1.9)
\pgfsyssoftpath@smallbuffer@items=\count112
\pgfsyssoftpath@bigbuffer@items=\count113
)
("C:\Users\bijno\AppData\Local\Programs\MiKTeX 2.9\tex\generic\pgf\systemlayer\
pgfsysprotocol.code.tex"
File: pgfsysprotocol.code.tex 2006/10/16  (rcs-revision 1.4)
))
("C:\Users\bijno\AppData\Local\Programs\MiKTeX 2.9\tex\latex\xcolor\xcolor.sty"
Package: xcolor 2016/05/11 v2.12 LaTeX color extensions (UK)

("C:\Users\bijno\AppData\Local\Programs\MiKTeX 2.9\tex\latex\graphics-cfg\color
.cfg"
File: color.cfg 2016/01/02 v1.6 sample color configuration
)
Package xcolor Info: Driver file: pdftex.def on input line 225.
Package xcolor Info: Model `cmy' substituted by `cmy0' on input line 1348.
Package xcolor Info: Model `hsb' substituted by `rgb' on input line 1352.
Package xcolor Info: Model `RGB' extended on input line 1364.
Package xcolor Info: Model `HTML' substituted by `rgb' on input line 1366.
Package xcolor Info: Model `Hsb' substituted by `hsb' on input line 1367.
Package xcolor Info: Model `tHsb' substituted by `hsb' on input line 1368.
Package xcolor Info: Model `HSB' substituted by `hsb' on input line 1369.
Package xcolor Info: Model `Gray' substituted by `gray' on input line 1370.
Package xcolor Info: Model `wave' substituted by `hsb' on input line 1371.
)
("C:\Users\bijno\AppData\Local\Programs\MiKTeX 2.9\tex\generic\pgf\basiclayer\p
gfcore.code.tex"
Package: pgfcore 2010/04/11 v3.0.1a (rcs-revision 1.7)

("C:\Users\bijno\AppData\Local\Programs\MiKTeX 2.9\tex\generic\pgf\math\pgfmath
.code.tex"
("C:\Users\bijno\AppData\Local\Programs\MiKTeX 2.9\tex\generic\pgf\math\pgfmath
calc.code.tex"
("C:\Users\bijno\AppData\Local\Programs\MiKTeX 2.9\tex\generic\pgf\math\pgfmath
util.code.tex")
("C:\Users\bijno\AppData\Local\Programs\MiKTeX 2.9\tex\generic\pgf\math\pgfmath
parser.code.tex"
\pgfmath@dimen=\dimen138
\pgfmath@count=\count114
\pgfmath@box=\box35
\pgfmath@toks=\toks23
\pgfmath@stack@operand=\toks24
\pgfmath@stack@operation=\toks25
)
("C:\Users\bijno\AppData\Local\Programs\MiKTeX 2.9\tex\generic\pgf\math\pgfmath
functions.code.tex"
("C:\Users\bijno\AppData\Local\Programs\MiKTeX 2.9\tex\generic\pgf\math\pgfmath
functions.basic.code.tex")
("C:\Users\bijno\AppData\Local\Programs\MiKTeX 2.9\tex\generic\pgf\math\pgfmath
functions.trigonometric.code.tex")
("C:\Users\bijno\AppData\Local\Programs\MiKTeX 2.9\tex\generic\pgf\math\pgfmath
functions.random.code.tex")
("C:\Users\bijno\AppData\Local\Programs\MiKTeX 2.9\tex\generic\pgf\math\pgfmath
functions.comparison.code.tex")
("C:\Users\bijno\AppData\Local\Programs\MiKTeX 2.9\tex\generic\pgf\math\pgfmath
functions.base.code.tex")
("C:\Users\bijno\AppData\Local\Programs\MiKTeX 2.9\tex\generic\pgf\math\pgfmath
functions.round.code.tex")
("C:\Users\bijno\AppData\Local\Programs\MiKTeX 2.9\tex\generic\pgf\math\pgfmath
functions.misc.code.tex")
("C:\Users\bijno\AppData\Local\Programs\MiKTeX 2.9\tex\generic\pgf\math\pgfmath
functions.integerarithmetics.code.tex")))
("C:\Users\bijno\AppData\Local\Programs\MiKTeX 2.9\tex\generic\pgf\math\pgfmath
float.code.tex"
\c@pgfmathroundto@lastzeros=\count115
))
("C:\Users\bijno\AppData\Local\Programs\MiKTeX 2.9\tex\generic\pgf\basiclayer\p
gfcorepoints.code.tex"
File: pgfcorepoints.code.tex 2013/10/07  (rcs-revision 1.27)
\pgf@picminx=\dimen139
\pgf@picmaxx=\dimen140
\pgf@picminy=\dimen141
\pgf@picmaxy=\dimen142
\pgf@pathminx=\dimen143
\pgf@pathmaxx=\dimen144
\pgf@pathminy=\dimen145
\pgf@pathmaxy=\dimen146
\pgf@xx=\dimen147
\pgf@xy=\dimen148
\pgf@yx=\dimen149
\pgf@yy=\dimen150
\pgf@zx=\dimen151
\pgf@zy=\dimen152
)
("C:\Users\bijno\AppData\Local\Programs\MiKTeX 2.9\tex\generic\pgf\basiclayer\p
gfcorepathconstruct.code.tex"
File: pgfcorepathconstruct.code.tex 2013/10/07  (rcs-revision 1.29)
\pgf@path@lastx=\dimen153
\pgf@path@lasty=\dimen154
)
("C:\Users\bijno\AppData\Local\Programs\MiKTeX 2.9\tex\generic\pgf\basiclayer\p
gfcorepathusage.code.tex"
File: pgfcorepathusage.code.tex 2014/11/02  (rcs-revision 1.24)
\pgf@shorten@end@additional=\dimen155
\pgf@shorten@start@additional=\dimen156
)
("C:\Users\bijno\AppData\Local\Programs\MiKTeX 2.9\tex\generic\pgf\basiclayer\p
gfcorescopes.code.tex"
File: pgfcorescopes.code.tex 2015/05/08  (rcs-revision 1.46)
\pgfpic=\box36
\pgf@hbox=\box37
\pgf@layerbox@main=\box38
\pgf@picture@serial@count=\count116
)
("C:\Users\bijno\AppData\Local\Programs\MiKTeX 2.9\tex\generic\pgf\basiclayer\p
gfcoregraphicstate.code.tex"
File: pgfcoregraphicstate.code.tex 2014/11/02  (rcs-revision 1.12)
\pgflinewidth=\dimen157
)
("C:\Users\bijno\AppData\Local\Programs\MiKTeX 2.9\tex\generic\pgf\basiclayer\p
gfcoretransformations.code.tex"
File: pgfcoretransformations.code.tex 2015/08/07  (rcs-revision 1.20)
\pgf@pt@x=\dimen158
\pgf@pt@y=\dimen159
\pgf@pt@temp=\dimen160
)
("C:\Users\bijno\AppData\Local\Programs\MiKTeX 2.9\tex\generic\pgf\basiclayer\p
gfcorequick.code.tex"
File: pgfcorequick.code.tex 2008/10/09  (rcs-revision 1.3)
)
("C:\Users\bijno\AppData\Local\Programs\MiKTeX 2.9\tex\generic\pgf\basiclayer\p
gfcoreobjects.code.tex"
File: pgfcoreobjects.code.tex 2006/10/11  (rcs-revision 1.2)
)
("C:\Users\bijno\AppData\Local\Programs\MiKTeX 2.9\tex\generic\pgf\basiclayer\p
gfcorepathprocessing.code.tex"
File: pgfcorepathprocessing.code.tex 2013/09/09  (rcs-revision 1.9)
)
("C:\Users\bijno\AppData\Local\Programs\MiKTeX 2.9\tex\generic\pgf\basiclayer\p
gfcorearrows.code.tex"
File: pgfcorearrows.code.tex 2015/05/14  (rcs-revision 1.43)
\pgfarrowsep=\dimen161
)
("C:\Users\bijno\AppData\Local\Programs\MiKTeX 2.9\tex\generic\pgf\basiclayer\p
gfcoreshade.code.tex"
File: pgfcoreshade.code.tex 2013/07/15  (rcs-revision 1.15)
\pgf@max=\dimen162
\pgf@sys@shading@range@num=\count117
)
("C:\Users\bijno\AppData\Local\Programs\MiKTeX 2.9\tex\generic\pgf\basiclayer\p
gfcoreimage.code.tex"
File: pgfcoreimage.code.tex 2013/07/15  (rcs-revision 1.18)

("C:\Users\bijno\AppData\Local\Programs\MiKTeX 2.9\tex\generic\pgf\basiclayer\p
gfcoreexternal.code.tex"
File: pgfcoreexternal.code.tex 2014/07/09  (rcs-revision 1.21)
\pgfexternal@startupbox=\box39
))
("C:\Users\bijno\AppData\Local\Programs\MiKTeX 2.9\tex\generic\pgf\basiclayer\p
gfcorelayers.code.tex"
File: pgfcorelayers.code.tex 2013/07/18  (rcs-revision 1.7)
)
("C:\Users\bijno\AppData\Local\Programs\MiKTeX 2.9\tex\generic\pgf\basiclayer\p
gfcoretransparency.code.tex"
File: pgfcoretransparency.code.tex 2013/09/30  (rcs-revision 1.5)
)
("C:\Users\bijno\AppData\Local\Programs\MiKTeX 2.9\tex\generic\pgf\basiclayer\p
gfcorepatterns.code.tex"
File: pgfcorepatterns.code.tex 2013/11/07  (rcs-revision 1.5)
)))
("C:\Users\bijno\AppData\Local\Programs\MiKTeX 2.9\tex\latex\pgf\utilities\xxco
lor.sty"
Package: xxcolor 2003/10/24 ver 0.1
\XC@nummixins=\count118
\XC@countmixins=\count119
)
("C:\Users\bijno\AppData\Local\Programs\MiKTeX 2.9\tex\generic\oberdiek\atbegsh
i.sty"
Package: atbegshi 2016/06/09 v1.18 At begin shipout hook (HO)

("C:\Users\bijno\AppData\Local\Programs\MiKTeX 2.9\tex\generic\oberdiek\infware
rr.sty"
Package: infwarerr 2016/05/16 v1.4 Providing info/warning/error messages (HO)
)
("C:\Users\bijno\AppData\Local\Programs\MiKTeX 2.9\tex\generic\oberdiek\ltxcmds
.sty"
Package: ltxcmds 2016/05/16 v1.23 LaTeX kernel commands for general use (HO)
))
("C:\Users\bijno\AppData\Local\Programs\MiKTeX 2.9\tex\latex\hyperref\hyperref.
sty"
Package: hyperref 2018/02/06 v6.86b Hypertext links for LaTeX

("C:\Users\bijno\AppData\Local\Programs\MiKTeX 2.9\tex\generic\oberdiek\hobsub-
hyperref.sty"
Package: hobsub-hyperref 2016/05/16 v1.14 Bundle oberdiek, subset hyperref (HO)


("C:\Users\bijno\AppData\Local\Programs\MiKTeX 2.9\tex\generic\oberdiek\hobsub-
generic.sty"
Package: hobsub-generic 2016/05/16 v1.14 Bundle oberdiek, subset generic (HO)
Package: hobsub 2016/05/16 v1.14 Construct package bundles (HO)
Package hobsub Info: Skipping package `infwarerr' (already loaded).
Package hobsub Info: Skipping package `ltxcmds' (already loaded).
Package: ifluatex 2016/05/16 v1.4 Provides the ifluatex switch (HO)
Package ifluatex Info: LuaTeX not detected.
Package hobsub Info: Skipping package `ifvtex' (already loaded).
Package: intcalc 2016/05/16 v1.2 Expandable calculations with integers (HO)
Package hobsub Info: Skipping package `ifpdf' (already loaded).
Package: etexcmds 2016/05/16 v1.6 Avoid name clashes with e-TeX commands (HO)
Package etexcmds Info: Could not find \expanded.
(etexcmds)             That can mean that you are not using pdfTeX 1.50 or
(etexcmds)             that some package has redefined \expanded.
(etexcmds)             In the latter case, load this package earlier.
Package: kvsetkeys 2016/05/16 v1.17 Key value parser (HO)
Package: kvdefinekeys 2016/05/16 v1.4 Define keys (HO)
Package: pdftexcmds 2018/01/30 v0.27 Utility functions of pdfTeX for LuaTeX (HO
)
Package pdftexcmds Info: LuaTeX not detected.
Package pdftexcmds Info: \pdf@primitive is available.
Package pdftexcmds Info: \pdf@ifprimitive is available.
Package pdftexcmds Info: \pdfdraftmode found.
Package: pdfescape 2016/05/16 v1.14 Implements pdfTeX's escape features (HO)
Package: bigintcalc 2016/05/16 v1.4 Expandable calculations on big integers (HO
)
Package: bitset 2016/05/16 v1.2 Handle bit-vector datatype (HO)
Package: uniquecounter 2016/05/16 v1.3 Provide unlimited unique counter (HO)
)
Package hobsub Info: Skipping package `hobsub' (already loaded).
Package: letltxmacro 2016/05/16 v1.5 Let assignment for LaTeX macros (HO)
Package: hopatch 2016/05/16 v1.3 Wrapper for package hooks (HO)
Package: xcolor-patch 2016/05/16 xcolor patch
Package: atveryend 2016/05/16 v1.9 Hooks at the very end of document (HO)
Package hobsub Info: Skipping package `atbegshi' (already loaded).
Package: refcount 2016/05/16 v3.5 Data extraction from label references (HO)
Package: hycolor 2016/05/16 v1.8 Color options for hyperref/bookmark (HO)
)
("C:\Users\bijno\AppData\Local\Programs\MiKTeX 2.9\tex\latex\oberdiek\auxhook.s
ty"
Package: auxhook 2016/05/16 v1.4 Hooks for auxiliary files (HO)
)
("C:\Users\bijno\AppData\Local\Programs\MiKTeX 2.9\tex\latex\oberdiek\kvoptions
.sty"
Package: kvoptions 2016/05/16 v3.12 Key value format for package options (HO)
)
\@linkdim=\dimen163
\Hy@linkcounter=\count120
\Hy@pagecounter=\count121

("C:\Users\bijno\AppData\Local\Programs\MiKTeX 2.9\tex\latex\hyperref\pd1enc.de
f"
File: pd1enc.def 2018/02/06 v6.86b Hyperref: PDFDocEncoding definition (HO)
Now handling font encoding PD1 ...
... no UTF-8 mapping file for font encoding PD1
)
\Hy@SavedSpaceFactor=\count122

("C:\Users\bijno\AppData\Local\Programs\MiKTeX 2.9\tex\latex\00miktex\hyperref.
cfg"
File: hyperref.cfg 2002/06/06 v1.2 hyperref configuration of TeXLive
)
Package hyperref Info: Option `bookmarks' set `true' on input line 4383.
Package hyperref Info: Option `bookmarksopen' set `true' on input line 4383.
Package hyperref Info: Option `implicit' set `false' on input line 4383.
Package hyperref Info: Hyper figures OFF on input line 4509.
Package hyperref Info: Link nesting OFF on input line 4514.
Package hyperref Info: Hyper index ON on input line 4517.
Package hyperref Info: Plain pages OFF on input line 4524.
Package hyperref Info: Backreferencing OFF on input line 4529.
Package hyperref Info: Implicit mode OFF; no redefinition of LaTeX internals.
Package hyperref Info: Bookmarks ON on input line 4762.
\c@Hy@tempcnt=\count123
 ("C:\Users\bijno\AppData\Local\Programs\MiKTeX 2.9\tex\latex\url\url.sty"
\Urlmuskip=\muskip10
Package: url 2013/09/16  ver 3.4  Verb mode for urls, etc.
)
LaTeX Info: Redefining \url on input line 5115.
\XeTeXLinkMargin=\dimen164
\Fld@menulength=\count124
\Field@Width=\dimen165
\Fld@charsize=\dimen166
Package hyperref Info: Hyper figures OFF on input line 6369.
Package hyperref Info: Link nesting OFF on input line 6374.
Package hyperref Info: Hyper index ON on input line 6377.
Package hyperref Info: backreferencing OFF on input line 6384.
Package hyperref Info: Link coloring OFF on input line 6389.
Package hyperref Info: Link coloring with OCG OFF on input line 6394.
Package hyperref Info: PDF/A mode OFF on input line 6399.
LaTeX Info: Redefining \ref on input line 6439.
LaTeX Info: Redefining \pageref on input line 6443.
\Hy@abspage=\count125


Package hyperref Message: Stopped early.

)
Package hyperref Info: Driver (autodetected): hpdftex.

("C:\Users\bijno\AppData\Local\Programs\MiKTeX 2.9\tex\latex\hyperref\hpdftex.d
ef"
File: hpdftex.def 2018/02/06 v6.86b Hyperref driver for pdfTeX
\Fld@listcount=\count126
\c@bookmark@seq@number=\count127

("C:\Users\bijno\AppData\Local\Programs\MiKTeX 2.9\tex\latex\oberdiek\rerunfile
check.sty"
Package: rerunfilecheck 2016/05/16 v1.8 Rerun checks for auxiliary files (HO)
Package uniquecounter Info: New unique counter `rerunfilecheck' on input line 2
82.
))
("C:\Users\bijno\AppData\Local\Programs\MiKTeX 2.9\tex\latex\beamer\beamerbaser
equires.sty"
("C:\Users\bijno\AppData\Local\Programs\MiKTeX 2.9\tex\latex\beamer\beamerbasec
ompatibility.sty")
("C:\Users\bijno\AppData\Local\Programs\MiKTeX 2.9\tex\latex\beamer\beamerbasef
ont.sty"
("C:\Users\bijno\AppData\Local\Programs\MiKTeX 2.9\tex\latex\amsfonts\amssymb.s
ty"
Package: amssymb 2013/01/14 v3.01 AMS font symbols

("C:\Users\bijno\AppData\Local\Programs\MiKTeX 2.9\tex\latex\amsfonts\amsfonts.
sty"
Package: amsfonts 2013/01/14 v3.01 Basic AMSFonts support
\@emptytoks=\toks26
\symAMSa=\mathgroup4
\symAMSb=\mathgroup5
LaTeX Font Info:    Overwriting math alphabet `\mathfrak' in version `bold'
(Font)                  U/euf/m/n --> U/euf/b/n on input line 106.
))
("C:\Users\bijno\AppData\Local\Programs\MiKTeX 2.9\tex\latex\sansmathaccent\san
smathaccent.sty"
Package: sansmathaccent 2013/03/28

("C:\Users\bijno\AppData\Local\Programs\MiKTeX 2.9\tex\latex\filehook\filehook.
sty"
Package: filehook 2011/10/12 v0.5d Hooks for input files
)))
("C:\Users\bijno\AppData\Local\Programs\MiKTeX 2.9\tex\latex\beamer\beamerbaset
ranslator.sty"
("C:\Users\bijno\AppData\Local\Programs\MiKTeX 2.9\tex\latex\translator\transla
tor.sty"
Package: translator 2018/01/04 v1.12 Easy translation of strings in LaTeX
))
("C:\Users\bijno\AppData\Local\Programs\MiKTeX 2.9\tex\latex\beamer\beamerbasem
isc.sty")
("C:\Users\bijno\AppData\Local\Programs\MiKTeX 2.9\tex\latex\beamer\beamerbaset
woscreens.sty")
("C:\Users\bijno\AppData\Local\Programs\MiKTeX 2.9\tex\latex\beamer\beamerbaseo
verlay.sty"
\beamer@argscount=\count128
\beamer@lastskipcover=\skip44
\beamer@trivlistdepth=\count129
)
("C:\Users\bijno\AppData\Local\Programs\MiKTeX 2.9\tex\latex\beamer\beamerbaset
itle.sty")
("C:\Users\bijno\AppData\Local\Programs\MiKTeX 2.9\tex\latex\beamer\beamerbases
ection.sty"
\c@lecture=\count130
\c@part=\count131
\c@section=\count132
\c@subsection=\count133
\c@subsubsection=\count134
)
("C:\Users\bijno\AppData\Local\Programs\MiKTeX 2.9\tex\latex\beamer\beamerbasef
rame.sty"
\beamer@framebox=\box40
\beamer@frametitlebox=\box41
\beamer@zoombox=\box42
\beamer@zoomcount=\count135
\beamer@zoomframecount=\count136
\beamer@frametextheight=\dimen167
\c@subsectionslide=\count137
\beamer@frametopskip=\skip45
\beamer@framebottomskip=\skip46
\beamer@frametopskipautobreak=\skip47
\beamer@framebottomskipautobreak=\skip48
\beamer@envbody=\toks27
\framewidth=\dimen168
\c@framenumber=\count138
)
("C:\Users\bijno\AppData\Local\Programs\MiKTeX 2.9\tex\latex\beamer\beamerbasev
erbatim.sty"
\beamer@verbatimfileout=\write4
)
("C:\Users\bijno\AppData\Local\Programs\MiKTeX 2.9\tex\latex\beamer\beamerbasef
ramesize.sty"
\beamer@splitbox=\box43
\beamer@autobreakcount=\count139
\beamer@autobreaklastheight=\dimen169
\beamer@frametitletoks=\toks28
\beamer@framesubtitletoks=\toks29
)
("C:\Users\bijno\AppData\Local\Programs\MiKTeX 2.9\tex\latex\beamer\beamerbasef
ramecomponents.sty"
\beamer@footins=\box44
)
("C:\Users\bijno\AppData\Local\Programs\MiKTeX 2.9\tex\latex\beamer\beamerbasec
olor.sty")
("C:\Users\bijno\AppData\Local\Programs\MiKTeX 2.9\tex\latex\beamer\beamerbasen
otes.sty"
\beamer@frameboxcopy=\box45
)
("C:\Users\bijno\AppData\Local\Programs\MiKTeX 2.9\tex\latex\beamer\beamerbaset
oc.sty")
("C:\Users\bijno\AppData\Local\Programs\MiKTeX 2.9\tex\latex\beamer\beamerbaset
emplates.sty"
\beamer@sbttoks=\toks30

("C:\Users\bijno\AppData\Local\Programs\MiKTeX 2.9\tex\latex\beamer\beamerbasea
uxtemplates.sty"
("C:\Users\bijno\AppData\Local\Programs\MiKTeX 2.9\tex\latex\beamer\beamerbaseb
oxes.sty"
\bmb@box=\box46
\bmb@colorbox=\box47
\bmb@boxshadow=\box48
\bmb@boxshadowball=\box49
\bmb@boxshadowballlarge=\box50
\bmb@temp=\dimen170
\bmb@dima=\dimen171
\bmb@dimb=\dimen172
\bmb@prevheight=\dimen173
)
\beamer@blockheadheight=\dimen174
))
("C:\Users\bijno\AppData\Local\Programs\MiKTeX 2.9\tex\latex\beamer\beamerbasel
ocalstructure.sty"
("C:\Users\bijno\AppData\Local\Programs\MiKTeX 2.9\tex\latex\tools\enumerate.st
y"
Package: enumerate 2015/07/23 v3.00 enumerate extensions (DPC)
\@enLab=\toks31
)
\c@figure=\count140
\c@table=\count141
\abovecaptionskip=\skip49
\belowcaptionskip=\skip50
)
("C:\Users\bijno\AppData\Local\Programs\MiKTeX 2.9\tex\latex\beamer\beamerbasen
avigation.sty"
\beamer@section@min@dim=\dimen175
)
("C:\Users\bijno\AppData\Local\Programs\MiKTeX 2.9\tex\latex\beamer\beamerbaset
heorems.sty"
("C:\Users\bijno\AppData\Local\Programs\MiKTeX 2.9\tex\latex\amsmath\amsmath.st
y"
Package: amsmath 2017/09/02 v2.17a AMS math features
\@mathmargin=\skip51

For additional information on amsmath, use the `?' option.

("C:\Users\bijno\AppData\Local\Programs\MiKTeX 2.9\tex\latex\amsmath\amstext.st
y"
Package: amstext 2000/06/29 v2.01 AMS text

("C:\Users\bijno\AppData\Local\Programs\MiKTeX 2.9\tex\latex\amsmath\amsgen.sty
"
File: amsgen.sty 1999/11/30 v2.0 generic functions
\@emptytoks=\toks32
\ex@=\dimen176
))
("C:\Users\bijno\AppData\Local\Programs\MiKTeX 2.9\tex\latex\amsmath\amsbsy.sty
"
Package: amsbsy 1999/11/29 v1.2d Bold Symbols
\pmbraise@=\dimen177
)
("C:\Users\bijno\AppData\Local\Programs\MiKTeX 2.9\tex\latex\amsmath\amsopn.sty
"
Package: amsopn 2016/03/08 v2.02 operator names
)
\inf@bad=\count142
LaTeX Info: Redefining \frac on input line 213.
\uproot@=\count143
\leftroot@=\count144
LaTeX Info: Redefining \overline on input line 375.
\classnum@=\count145
\DOTSCASE@=\count146
LaTeX Info: Redefining \ldots on input line 472.
LaTeX Info: Redefining \dots on input line 475.
LaTeX Info: Redefining \cdots on input line 596.
\Mathstrutbox@=\box51
\strutbox@=\box52
\big@size=\dimen178
LaTeX Font Info:    Redeclaring font encoding OML on input line 712.
LaTeX Font Info:    Redeclaring font encoding OMS on input line 713.
\macc@depth=\count147
\c@MaxMatrixCols=\count148
\dotsspace@=\muskip11
\c@parentequation=\count149
\dspbrk@lvl=\count150
\tag@help=\toks33
\row@=\count151
\column@=\count152
\maxfields@=\count153
\andhelp@=\toks34
\eqnshift@=\dimen179
\alignsep@=\dimen180
\tagshift@=\dimen181
\tagwidth@=\dimen182
\totwidth@=\dimen183
\lineht@=\dimen184
\@envbody=\toks35
\multlinegap=\skip52
\multlinetaggap=\skip53
\mathdisplay@stack=\toks36
LaTeX Info: Redefining \[ on input line 2817.
LaTeX Info: Redefining \] on input line 2818.
)
("C:\Users\bijno\AppData\Local\Programs\MiKTeX 2.9\tex\latex\amscls\amsthm.sty"
Package: amsthm 2017/10/31 v2.20.4
\thm@style=\toks37
\thm@bodyfont=\toks38
\thm@headfont=\toks39
\thm@notefont=\toks40
\thm@headpunct=\toks41
\thm@preskip=\skip54
\thm@postskip=\skip55
\thm@headsep=\skip56
\dth@everypar=\toks42
)
\c@theorem=\count154
)
("C:\Users\bijno\AppData\Local\Programs\MiKTeX 2.9\tex\latex\beamer\beamerbaset
hemes.sty"))
("C:\Users\bijno\AppData\Local\Programs\MiKTeX 2.9\tex\latex\beamer\beamertheme
default.sty"
("C:\Users\bijno\AppData\Local\Programs\MiKTeX 2.9\tex\latex\beamer\beamerfontt
hemedefault.sty")
("C:\Users\bijno\AppData\Local\Programs\MiKTeX 2.9\tex\latex\beamer\beamercolor
themedefault.sty")
("C:\Users\bijno\AppData\Local\Programs\MiKTeX 2.9\tex\latex\beamer\beamerinner
themedefault.sty"
\beamer@dima=\dimen185
\beamer@dimb=\dimen186
)
("C:\Users\bijno\AppData\Local\Programs\MiKTeX 2.9\tex\latex\beamer\beamerouter
themedefault.sty")))
("C:\Users\bijno\AppData\Local\Programs\MiKTeX 2.9\tex\latex\beamer\beamertheme
Dresden.sty"
("C:\Users\bijno\AppData\Local\Programs\MiKTeX 2.9\tex\latex\beamer\beamerouter
thememiniframes.sty")
("C:\Users\bijno\AppData\Local\Programs\MiKTeX 2.9\tex\latex\beamer\beamercolor
themewhale.sty")) (Stats.aux)
\openout1 = `Stats.aux'.

LaTeX Font Info:    Checking defaults for OML/cmm/m/it on input line 10.
LaTeX Font Info:    ... okay on input line 10.
LaTeX Font Info:    Checking defaults for T1/cmr/m/n on input line 10.
LaTeX Font Info:    ... okay on input line 10.
LaTeX Font Info:    Checking defaults for OT1/cmr/m/n on input line 10.
LaTeX Font Info:    ... okay on input line 10.
LaTeX Font Info:    Checking defaults for OMS/cmsy/m/n on input line 10.
LaTeX Font Info:    ... okay on input line 10.
LaTeX Font Info:    Checking defaults for OMX/cmex/m/n on input line 10.
LaTeX Font Info:    ... okay on input line 10.
LaTeX Font Info:    Checking defaults for U/cmr/m/n on input line 10.
LaTeX Font Info:    ... okay on input line 10.
LaTeX Font Info:    Checking defaults for PD1/pdf/m/n on input line 10.
LaTeX Font Info:    ... okay on input line 10.

*geometry* driver: auto-detecting
*geometry* detected driver: pdftex
*geometry* verbose mode - [ preamble ] result:
* driver: pdftex
* paper: custom
* layout: <same size as paper>
* layoutoffset:(h,v)=(0.0pt,0.0pt)
* modes: includehead includefoot 
* h-part:(L,W,R)=(28.45274pt, 307.28987pt, 28.45274pt)
* v-part:(T,H,B)=(0.0pt, 273.14662pt, 0.0pt)
* \paperwidth=364.19536pt
* \paperheight=273.14662pt
* \textwidth=307.28987pt
* \textheight=244.6939pt
* \oddsidemargin=-43.81725pt
* \evensidemargin=-43.81725pt
* \topmargin=-72.26999pt
* \headheight=14.22636pt
* \headsep=0.0pt
* \topskip=11.0pt
* \footskip=14.22636pt
* \marginparwidth=4.0pt
* \marginparsep=10.0pt
* \columnsep=10.0pt
* \skip\footins=10.0pt plus 4.0pt minus 2.0pt
* \hoffset=0.0pt
* \voffset=0.0pt
* \mag=1000
* \@twocolumnfalse
* \@twosidefalse
* \@mparswitchfalse
* \@reversemarginfalse
* (1in=72.27pt=25.4mm, 1cm=28.453pt)


("C:\Users\bijno\AppData\Local\Programs\MiKTeX 2.9\tex\context\base\supp-pdf.mk
ii"
[Loading MPS to PDF converter (version 2006.09.02).]
\scratchcounter=\count155
\scratchdimen=\dimen187
\scratchbox=\box53
\nofMPsegments=\count156
\nofMParguments=\count157
\everyMPshowfont=\toks43
\MPscratchCnt=\count158
\MPscratchDim=\dimen188
\MPnumerator=\count159
\makeMPintoPDFobject=\count160
\everyMPtoPDFconversion=\toks44
)
("C:\Users\bijno\AppData\Local\Programs\MiKTeX 2.9\tex\latex\oberdiek\epstopdf-
base.sty"
Package: epstopdf-base 2016/05/15 v2.6 Base part for package epstopdf

("C:\Users\bijno\AppData\Local\Programs\MiKTeX 2.9\tex\latex\oberdiek\grfext.st
y"
Package: grfext 2016/05/16 v1.2 Manage graphics extensions (HO)
)
Package epstopdf-base Info: Redefining graphics rule for `.eps' on input line 4
38.
Package grfext Info: Graphics extension search list:
(grfext)             [.pdf,.png,.jpg,.mps,.jpeg,.jbig2,.jb2,.PDF,.PNG,.JPG,.JPE
G,.JBIG2,.JB2,.eps]
(grfext)             \AppendGraphicsExtensions on input line 456.
) ABD: EveryShipout initializing macros
\AtBeginShipoutBox=\box54
Package hyperref Info: Link coloring OFF on input line 10.

("C:\Users\bijno\AppData\Local\Programs\MiKTeX 2.9\tex\latex\hyperref\nameref.s
ty"
Package: nameref 2016/05/21 v2.44 Cross-referencing by name of section

("C:\Users\bijno\AppData\Local\Programs\MiKTeX 2.9\tex\generic\oberdiek\gettitl
estring.sty"
Package: gettitlestring 2016/05/16 v1.5 Cleanup title references (HO)
)
\c@section@level=\count161
)
LaTeX Info: Redefining \ref on input line 10.
LaTeX Info: Redefining \pageref on input line 10.
LaTeX Info: Redefining \nameref on input line 10.
 (Stats.out) (Stats.out)
\@outlinefile=\write5
\openout5 = `Stats.out'.

LaTeX Font Info:    Overwriting symbol font `operators' in version `normal'
(Font)                  OT1/cmr/m/n --> OT1/cmss/m/n on input line 10.
LaTeX Font Info:    Overwriting symbol font `operators' in version `bold'
(Font)                  OT1/cmr/bx/n --> OT1/cmss/bx/n on input line 10.
\symnumbers=\mathgroup6
\sympureletters=\mathgroup7
LaTeX Font Info:    Overwriting math alphabet `\mathrm' in version `normal'
(Font)                  OT1/cmss/m/n --> OT1/cmr/m/n on input line 10.
LaTeX Font Info:    Redeclaring math alphabet \mathbf on input line 10.
LaTeX Font Info:    Overwriting math alphabet `\mathbf' in version `normal'
(Font)                  OT1/cmr/bx/n --> OT1/cmss/bx/n on input line 10.
LaTeX Font Info:    Overwriting math alphabet `\mathbf' in version `bold'
(Font)                  OT1/cmr/bx/n --> OT1/cmss/bx/n on input line 10.
LaTeX Font Info:    Redeclaring math alphabet \mathsf on input line 10.
LaTeX Font Info:    Overwriting math alphabet `\mathsf' in version `normal'
(Font)                  OT1/cmss/m/n --> OT1/cmss/m/n on input line 10.
LaTeX Font Info:    Overwriting math alphabet `\mathsf' in version `bold'
(Font)                  OT1/cmss/bx/n --> OT1/cmss/m/n on input line 10.
LaTeX Font Info:    Redeclaring math alphabet \mathit on input line 10.
LaTeX Font Info:    Overwriting math alphabet `\mathit' in version `normal'
(Font)                  OT1/cmr/m/it --> OT1/cmss/m/it on input line 10.
LaTeX Font Info:    Overwriting math alphabet `\mathit' in version `bold'
(Font)                  OT1/cmr/bx/it --> OT1/cmss/m/it on input line 10.
LaTeX Font Info:    Redeclaring math alphabet \mathtt on input line 10.
LaTeX Font Info:    Overwriting math alphabet `\mathtt' in version `normal'
(Font)                  OT1/cmtt/m/n --> OT1/cmtt/m/n on input line 10.
LaTeX Font Info:    Overwriting math alphabet `\mathtt' in version `bold'
(Font)                  OT1/cmtt/m/n --> OT1/cmtt/m/n on input line 10.
LaTeX Font Info:    Overwriting symbol font `numbers' in version `bold'
(Font)                  OT1/cmss/m/n --> OT1/cmss/bx/n on input line 10.
LaTeX Font Info:    Overwriting symbol font `pureletters' in version `bold'
(Font)                  OT1/cmss/m/it --> OT1/cmss/bx/it on input line 10.
LaTeX Font Info:    Overwriting math alphabet `\mathrm' in version `bold'
(Font)                  OT1/cmss/bx/n --> OT1/cmr/bx/n on input line 10.
LaTeX Font Info:    Overwriting math alphabet `\mathbf' in version `bold'
(Font)                  OT1/cmss/bx/n --> OT1/cmss/bx/n on input line 10.
LaTeX Font Info:    Overwriting math alphabet `\mathsf' in version `bold'
(Font)                  OT1/cmss/m/n --> OT1/cmss/bx/n on input line 10.
LaTeX Font Info:    Overwriting math alphabet `\mathit' in version `bold'
(Font)                  OT1/cmss/m/it --> OT1/cmss/bx/it on input line 10.
LaTeX Font Info:    Overwriting math alphabet `\mathtt' in version `bold'
(Font)                  OT1/cmtt/m/n --> OT1/cmtt/bx/n on input line 10.
LaTeX Font Info:    Redeclaring symbol font `pureletters' on input line 10.
LaTeX Font Info:    Overwriting symbol font `pureletters' in version `normal'
(Font)                  OT1/cmss/m/it --> OT1/mathkerncmss/m/sl on input line 1
0.
LaTeX Font Info:    Overwriting symbol font `pureletters' in version `bold'
(Font)                  OT1/cmss/bx/it --> OT1/mathkerncmss/m/sl on input line 
10.
LaTeX Font Info:    Overwriting symbol font `pureletters' in version `bold'
(Font)                  OT1/mathkerncmss/m/sl --> OT1/mathkerncmss/bx/sl on inp
ut line 10.
 (Stats.nav)

Package hyperref Warning: Option `pdfauthor' has already been used,
(hyperref)                setting the option has no effect on input line 12.

[1{C:/Users/bijno/AppData/Local/MiKTeX/2.9/pdftex/config/pdftex.map}

]
(Stats.toc)
Overfull \vbox (3.34839pt too high) detected at line 21
 []

[2

]
<statisticaltest.png, id=396, 341.77687pt x 467.49657pt>
File: statisticaltest.png Graphic file (type png)
<use statisticaltest.png>
Package pdftex.def Info: statisticaltest.png  used on input line 45.
(pdftex.def)             Requested size: 184.55675pt x 252.44438pt.
LaTeX Font Info:    Try loading font information for U+msa on input line 45.

("C:\Users\bijno\AppData\Local\Programs\MiKTeX 2.9\tex\latex\amsfonts\umsa.fd"
File: umsa.fd 2013/01/14 v3.01 AMS symbols A
)
LaTeX Font Info:    Try loading font information for U+msb on input line 45.
("C:\Users\bijno\AppData\Local\Programs\MiKTeX 2.9\tex\latex\amsfonts\umsb.fd"
File: umsb.fd 2013/01/14 v3.01 AMS symbols B
)
LaTeX Font Info:    Try loading font information for OT1+mathkerncmss on input 
line 45.

("C:\Users\bijno\AppData\Local\Programs\MiKTeX 2.9\tex\latex\sansmathaccent\ot1
mathkerncmss.fd"
File: ot1mathkerncmss.fd 2013/03/27 Fontinst v1.933 font definitions for OT1/ma
thkerncmss.
) [3

 <./statisticaltest.png>] [4

]
<confusionmatrix.png, id=488, 947.03813pt x 459.21562pt>
File: confusionmatrix.png Graphic file (type png)
<use confusionmatrix.png>
Package pdftex.def Info: confusionmatrix.png  used on input line 66.
(pdftex.def)             Requested size: 364.19536pt x 176.59184pt.
 [5

 <./confusionmatrix.png>]
<TypesTests.png, id=495, 1028.34187pt x 578.16pt>
File: TypesTests.png Graphic file (type png)
<use TypesTests.png>
Package pdftex.def Info: TypesTests.png  used on input line 77.
(pdftex.def)             Requested size: 287.93376pt x 161.8837pt.

Overfull \vbox (9.25145pt too high) detected at line 77
 []

[6

 <./TypesTests.png>]
<teststats.png, id=578, 1476.9579pt x 642.9621pt>
File: teststats.png Graphic file (type png)
<use teststats.png>
Package pdftex.def Info: teststats.png  used on input line 83.
(pdftex.def)             Requested size: 364.19536pt x 158.54251pt.
 [7

 <./teststats.png (PNG copy)>]
<CdfPdfPmf.png, id=662, 371.88937pt x 172.39406pt>
File: CdfPdfPmf.png Graphic file (type png)
<use CdfPdfPmf.png>
Package pdftex.def Info: CdfPdfPmf.png  used on input line 109.
(pdftex.def)             Requested size: 130.16322pt x 60.33882pt.

Overfull \hbox (9.7995pt too wide) in paragraph at lines 109--109
[]  
 []

<PmfCdfContinuous.png, id=663, 508.14844pt x 327.47343pt>
File: PmfCdfContinuous.png Graphic file (type png)
<use PmfCdfContinuous.png>
Package pdftex.def Info: PmfCdfContinuous.png  used on input line 109.
(pdftex.def)             Requested size: 152.4457pt x 98.24278pt.
<pdfcdfDiscrete.png, id=664, 529.98pt x 363.60844pt>
File: pdfcdfDiscrete.png Graphic file (type png)
<use pdfcdfDiscrete.png>
Package pdftex.def Info: pdfcdfDiscrete.png  used on input line 109.
(pdftex.def)             Requested size: 132.49466pt x 90.90189pt.

Overfull \hbox (10.18192pt too wide) in paragraph at lines 109--109
[][] 
 []


Overfull \vbox (45.85791pt too high) detected at line 109
 []

[8

 <./CdfPdfPmf.png> <./PmfCdfContinuous.png> <./pdfcdfDiscrete.png>]
File: CdfPdfPmf.png Graphic file (type png)
<use CdfPdfPmf.png>
Package pdftex.def Info: CdfPdfPmf.png  used on input line 109.
(pdftex.def)             Requested size: 130.16322pt x 60.33882pt.

Overfull \hbox (9.7995pt too wide) in paragraph at lines 109--109
[]  
 []

<cdfpdfrfhf.png, id=752, 511.15968pt x 402.75468pt>
File: cdfpdfrfhf.png Graphic file (type png)
<use cdfpdfrfhf.png>
Package pdftex.def Info: cdfpdfrfhf.png  used on input line 109.
(pdftex.def)             Requested size: 163.57443pt x 128.88412pt.

Overfull \hbox (21.31065pt too wide) in paragraph at lines 109--109
[] 
 []


Overfull \vbox (45.85791pt too high) detected at line 109
 []

[9

 <./cdfpdfrfhf.png>]
<Distributions.png, id=836, 644.4075pt x 460.72125pt>
File: Distributions.png Graphic file (type png)
<use Distributions.png>
Package pdftex.def Info: Distributions.png  used on input line 155.
(pdftex.def)             Requested size: 257.75844pt x 184.28523pt.

Overfull \hbox (6.46275pt too wide) in paragraph at lines 155--155
 [] 
 []


Overfull \vbox (3.55405pt too high) detected at line 155
 []

[10

 <./Distributions.png>]
<distributionChoice.png, id=920, 644.1666pt x 313.17pt>
File: distributionChoice.png Graphic file (type png)
<use distributionChoice.png>
Package pdftex.def Info: distributionChoice.png  used on input line 166.
(pdftex.def)             Requested size: 364.19536pt x 177.05605pt.
 [11

 <./distributionChoice.png>]
<DiscreteDistribution.png, id=1004, 743.02594pt x 490.08093pt>
File: DiscreteDistribution.png Graphic file (type png)
<use DiscreteDistribution.png>
Package pdftex.def Info: DiscreteDistribution.png  used on input line 171.
(pdftex.def)             Requested size: 364.19536pt x 240.21654pt.
 [12

 <./DiscreteDistribution.png>]
<ContinuousDistribution.png, id=1009, 749.04843pt x 497.60907pt>
File: ContinuousDistribution.png Graphic file (type png)
<use ContinuousDistribution.png>
Package pdftex.def Info: ContinuousDistribution.png  used on input line 178.
(pdftex.def)             Requested size: 364.19536pt x 241.94754pt.

Overfull \vbox (36.89734pt too high) detected at line 178
 []

[13

 <./ContinuousDistribution.png>]
<UnivariateProbabDist.png, id=1094, 947.03813pt x 499.8675pt>
File: UnivariateProbabDist.png Graphic file (type png)
<use UnivariateProbabDist.png>
Package pdftex.def Info: UnivariateProbabDist.png  used on input line 185.
(pdftex.def)             Requested size: 364.19536pt x 192.22456pt.
 [14

 <./UnivariateProbabDist.png>] [15

]
[16

] [17

] [18

] [19

] [20

]
<chisq.png, id=1678, 517.18219pt x 176.91093pt>
File: chisq.png Graphic file (type png)
<use chisq.png>
Package pdftex.def Info: chisq.png  used on input line 324.
(pdftex.def)             Requested size: 258.59045pt x 88.45525pt.
 [21

 <./chisq.png>] [22

] [23

] [24

] [25

] [26

]
<exponential.png, id=2173, 326.72063pt x 192.72pt>
File: exponential.png Graphic file (type png)
<use exponential.png>
Package pdftex.def Info: exponential.png  used on input line 427.
(pdftex.def)             Requested size: 163.35991pt x 96.35976pt.

Overfull \hbox (9.71498pt too wide) in paragraph at lines 427--427
 [] 
 []


LaTeX Warning: Command \textendash invalid in math mode on input line 427.

[27

 <./exponential.png>] [28

]
<figs/likelihoodmean.png, id=2339, 823.57687pt x 456.95718pt>
File: figs/likelihoodmean.png Graphic file (type png)
<use figs/likelihoodmean.png>
Package pdftex.def Info: figs/likelihoodmean.png  used on input line 446.
(pdftex.def)             Requested size: 123.53119pt x 68.54062pt.
<figs/likelihoodmean2.png, id=2340, 829.59938pt x 435.87843pt>
File: figs/likelihoodmean2.png Graphic file (type png)
<use figs/likelihoodmean2.png>
Package pdftex.def Info: figs/likelihoodmean2.png  used on input line 446.
(pdftex.def)             Requested size: 124.43454pt x 65.37894pt.
<figs/likelihoodsd.png, id=2341, 740.0147pt x 339.51843pt>
File: figs/likelihoodsd.png Graphic file (type png)
<use figs/likelihoodsd.png>
Package pdftex.def Info: figs/likelihoodsd.png  used on input line 446.
(pdftex.def)             Requested size: 110.9974pt x 50.92555pt.
<figs/likelihoodsd2.png, id=2342, 841.64438pt x 425.33907pt>
File: figs/likelihoodsd2.png Graphic file (type png)
<use figs/likelihoodsd2.png>
Package pdftex.def Info: figs/likelihoodsd2.png  used on input line 446.
(pdftex.def)             Requested size: 126.24121pt x 63.7981pt.
<figs/likelihoodsd3.png, id=2343, 855.195pt x 425.33907pt>
File: figs/likelihoodsd3.png Graphic file (type png)
<use figs/likelihoodsd3.png>
Package pdftex.def Info: figs/likelihoodsd3.png  used on input line 446.
(pdftex.def)             Requested size: 128.27371pt x 63.7981pt.

Overfull \vbox (3.96011pt too high) detected at line 446
 []

[29

 <./figs/likelihoodmean.png> <./figs/likelihoodmean2.png> <./figs/likelihoodsd.
png> <./figs/likelihoodsd2.png> <./figs/likelihoodsd3.png>]
<Data.png, id=2431, 792.71156pt x 426.09187pt>
File: Data.png Graphic file (type png)
<use Data.png>
Package pdftex.def Info: Data.png  used on input line 455.
(pdftex.def)             Requested size: 317.07901pt x 170.43372pt.

Overfull \hbox (9.78914pt too wide) in paragraph at lines 455--455
 [] 
 []

[30

 <./Data.png>]
<QuantitativeQualitative.png, id=2515, 797.22844pt x 458.46281pt>
File: QuantitativeQualitative.png Graphic file (type png)
<use QuantitativeQualitative.png>
Package pdftex.def Info: QuantitativeQualitative.png  used on input line 467.
(pdftex.def)             Requested size: 239.17038pt x 137.5399pt.

Overfull \vbox (3.6189pt too high) detected at line 467
 []

[31

 <./QuantitativeQualitative.png>]
<DescriptiveInferential.png, id=2600, 899.61093pt x 471.26062pt>
File: DescriptiveInferential.png Graphic file (type png)
<use DescriptiveInferential.png>
Package pdftex.def Info: DescriptiveInferential.png  used on input line 481.
(pdftex.def)             Requested size: 260.88048pt x 136.66208pt.

Overfull \vbox (2.41457pt too high) detected at line 481
 []

[32

 <./DescriptiveInferential.png>]
<inferentialstats.png, id=2684, 721.19438pt x 526.21594pt>
File: inferentialstats.png Graphic file (type png)
<use inferentialstats.png>
Package pdftex.def Info: inferentialstats.png  used on input line 487.
(pdftex.def)             Requested size: 364.19536pt x 265.73294pt.

Overfull \vbox (4.58632pt too high) detected at line 487
 []

[33

 <./inferentialstats.png>]
<JointMarginalConditional.png, id=2690, 550.30594pt x 374.14781pt>
File: JointMarginalConditional.png Graphic file (type png)
<use JointMarginalConditional.png>
Package pdftex.def Info: JointMarginalConditional.png  used on input line 495.
(pdftex.def)             Requested size: 275.1523pt x 187.07344pt.
 [34

 <./JointMarginalConditional.png>] [35

]
[36

] [37

] [38

] [39

] [40

] [41

] [42

] [43

] [44

] [45

]
<figs/hypothesisBayesian.png, id=3686, 449.42906pt x 314.67563pt>
File: figs/hypothesisBayesian.png Graphic file (type png)
<use figs/hypothesisBayesian.png>
Package pdftex.def Info: figs/hypothesisBayesian.png  used on input line 681.
(pdftex.def)             Requested size: 224.71397pt x 157.33742pt.
 [46

] [47


 <./figs/hypothesisBayesian.png>] [48

] [49

] [50

] [51

] [52

] [53


] [54


] [55


] [56

] [57

]
<figs/conf1.png, id=4678, 574.39594pt x 366.61969pt>
File: figs/conf1.png Graphic file (type png)
<use figs/conf1.png>
Package pdftex.def Info: figs/conf1.png  used on input line 783.
(pdftex.def)             Requested size: 114.87714pt x 73.32263pt.

Overfull \hbox (13.47092pt too wide) in paragraph at lines 783--783
[][]  
 []

<figs/conf2.png, id=4679, 453.19313pt x 303.38344pt>
File: figs/conf2.png Graphic file (type png)
<use figs/conf2.png>
Package pdftex.def Info: figs/conf2.png  used on input line 783.
(pdftex.def)             Requested size: 90.63701pt x 60.6756pt.

Overfull \hbox (7.94196pt too wide) in paragraph at lines 783--783
[]\OT1/cmss/m/n/10.95 nvjfvjnfvnkevnkervnmkd 
 []

<figs/conf4.png, id=4680, 608.2725pt x 348.55219pt>
File: figs/conf4.png Graphic file (type png)
<use figs/conf4.png>
Package pdftex.def Info: figs/conf4.png  used on input line 783.
(pdftex.def)             Requested size: 121.65234pt x 69.7092pt.

Overfull \hbox (20.24612pt too wide) in paragraph at lines 783--783
[][]  
 []

<figs/conf5.png, id=4681, 593.96906pt x 378.66469pt>
File: figs/conf5.png Graphic file (type png)
<use figs/conf5.png>
Package pdftex.def Info: figs/conf5.png  used on input line 783.
(pdftex.def)             Requested size: 118.7917pt x 75.73158pt.

Overfull \hbox (17.38548pt too wide) in paragraph at lines 783--783
[][]  
 []

<figs/conf6.png, id=4682, 573.64313pt x 374.14781pt>
File: figs/conf6.png Graphic file (type png)
<use figs/conf6.png>
Package pdftex.def Info: figs/conf6.png  used on input line 783.
(pdftex.def)             Requested size: 114.7266pt x 74.82823pt.

Overfull \hbox (13.32037pt too wide) in paragraph at lines 783--783
[][]  
 []

[58

 <./figs/conf1.png> <./figs/conf2.png> <./figs/conf4.png> <./figs/conf5.png> <.
/figs/conf6.png>] [59

] [60

] [61

] [62

] [63

]
Overfull \hbox (1459.17659pt too wide) in paragraph at lines 871--871
 [] 
 []

[64

] [65

]

Package amsmath Warning: Foreign command \atopwithdelims;
(amsmath)                \frac or \genfrac should be used instead
(amsmath)                 on input line 913.

[66

] [67


] [68

]
<figs/abtestbayes.png, id=5594, 926.71219pt x 491.58656pt>
File: figs/abtestbayes.png Graphic file (type png)
<use figs/abtestbayes.png>
Package pdftex.def Info: figs/abtestbayes.png  used on input line 940.
(pdftex.def)             Requested size: 185.33916pt x 98.31557pt.
<figs/abtestbayesengine.png, id=5595, 588.69937pt x 225.09094pt>
File: figs/abtestbayesengine.png Graphic file (type png)
<use figs/abtestbayesengine.png>
Package pdftex.def Info: figs/abtestbayesengine.png  used on input line 940.
(pdftex.def)             Requested size: 176.61116pt x 67.52779pt.

Overfull \hbox (807.44469pt too wide) in paragraph at lines 940--940
[]  
 []

[69

] [70


 <./figs/abtestbayes.png> <./figs/abtestbayesengine.png>] [71

] [72

]
[73

]
\tf@nav=\write6
\openout6 = `Stats.nav'.

\tf@toc=\write7
\openout7 = `Stats.toc'.

\tf@snm=\write8
\openout8 = `Stats.snm'.

Package atveryend Info: Empty hook `BeforeClearDocument' on input line 978.
Package atveryend Info: Empty hook `AfterLastShipout' on input line 978.
 (Stats.aux)
Package atveryend Info: Executing hook `AtVeryEndDocument' on input line 978.
Package atveryend Info: Executing hook `AtEndAfterFileList' on input line 978.
Package rerunfilecheck Info: File `Stats.out' has not changed.
(rerunfilecheck)             Checksum: B66AAE5D8FDCB12181815C1026286185;907.
 ) 
Here is how much of TeX's memory you used:
 17366 strings out of 492973
 335043 string characters out of 3126693
 484893 words of memory out of 3000000
 20669 multiletter control sequences out of 15000+200000
 14589 words of font info for 53 fonts, out of 3000000 for 9000
 1141 hyphenation exceptions out of 8191
 56i,19n,63p,814b,769s stack positions out of 5000i,500n,10000p,200000b,50000s
<C:/Users/bijno/AppData/Local/Programs/MiKTeX 2.9/fonts/type1/public/amsfonts
/cm/cmex10.pfb><C:/Users/bijno/AppData/Local/Programs/MiKTeX 2.9/fonts/type1/pu
blic/amsfonts/cmextra/cmex8.pfb><C:/Users/bijno/AppData/Local/Programs/MiKTeX 2
.9/fonts/type1/public/amsfonts/cmextra/cmex9.pfb><C:/Users/bijno/AppData/Local/
Programs/MiKTeX 2.9/fonts/type1/public/amsfonts/cm/cmmi10.pfb><C:/Users/bijno/A
ppData/Local/Programs/MiKTeX 2.9/fonts/type1/public/amsfonts/cm/cmmi6.pfb><C:/U
sers/bijno/AppData/Local/Programs/MiKTeX 2.9/fonts/type1/public/amsfonts/cm/cmm
i8.pfb><C:/Users/bijno/AppData/Local/Programs/MiKTeX 2.9/fonts/type1/public/ams
fonts/cm/cmmi9.pfb><C:/Users/bijno/AppData/Local/Programs/MiKTeX 2.9/fonts/type
1/public/amsfonts/cm/cmss10.pfb><C:/Users/bijno/AppData/Local/Programs/MiKTeX 2
.9/fonts/type1/public/amsfonts/cm/cmss12.pfb><C:/Users/bijno/AppData/Local/Prog
rams/MiKTeX 2.9/fonts/type1/public/amsfonts/cm/cmss8.pfb><C:/Users/bijno/AppDat
a/Local/Programs/MiKTeX 2.9/fonts/type1/public/amsfonts/cm/cmss9.pfb><C:/Users/
bijno/AppData/Local/Programs/MiKTeX 2.9/fonts/type1/public/amsfonts/cm/cmssbx10
.pfb><C:/Users/bijno/AppData/Local/Programs/MiKTeX 2.9/fonts/type1/public/amsfo
nts/cm/cmssi10.pfb><C:/Users/bijno/AppData/Local/Programs/MiKTeX 2.9/fonts/type
1/public/amsfonts/cm/cmssi8.pfb><C:/Users/bijno/AppData/Local/Programs/MiKTeX 2
.9/fonts/type1/public/amsfonts/cm/cmssi9.pfb><C:/Users/bijno/AppData/Local/Prog
rams/MiKTeX 2.9/fonts/type1/public/amsfonts/cm/cmsy10.pfb><C:/Users/bijno/AppDa
ta/Local/Programs/MiKTeX 2.9/fonts/type1/public/amsfonts/cm/cmsy6.pfb><C:/Users
/bijno/AppData/Local/Programs/MiKTeX 2.9/fonts/type1/public/amsfonts/cm/cmsy8.p
fb><C:/Users/bijno/AppData/Local/Programs/MiKTeX 2.9/fonts/type1/public/amsfont
s/cm/cmsy9.pfb><C:/Users/bijno/AppData/Local/Programs/MiKTeX 2.9/fonts/type1/pu
blic/amsfonts/symbols/msam10.pfb><C:/Users/bijno/AppData/Local/Programs/MiKTeX 
2.9/fonts/type1/public/amsfonts/symbols/msbm10.pfb>
Output written on Stats.pdf (73 pages, 7054463 bytes).
PDF statistics:
 6111 PDF objects out of 6186 (max. 8388607)
 164 named destinations out of 1000 (max. 500000)
 328 words of extra memory for PDF output out of 10000 (max. 10000000)

